<?xml version="1.0" encoding="UTF-8"?>
<coverage generated="1654314782158" clover="4.4.1">
   <project name="ITClocks 0.0.1-SNAPSHOT" timestamp="1654314779189">
      <metrics coveredelements="442" complexity="194" loc="1071" methods="133" classes="14" statements="278" packages="1" coveredconditionals="74" coveredmethods="121" elements="503" ncloc="799" files="13" conditionals="92" coveredstatements="247"/>
      <package name="net.mooctest">
         <metrics coveredelements="442" complexity="194" loc="1071" methods="133" classes="14" statements="278" coveredconditionals="74" coveredmethods="121" elements="503" ncloc="799" files="13" conditionals="92" coveredstatements="247"/>
         <file path="C:\mooctest\projects\6537\118570\ITClocks\src\main\java\net\mooctest\Event.java" name="Event.java">
            <metrics coveredelements="3" coveredconditionals="0" complexity="2" loc="37" coveredmethods="2" methods="2" elements="3" classes="1" ncloc="20" statements="1" conditionals="0" coveredstatements="1"/>
            <class name="Event">
               <metrics coveredelements="3" coveredconditionals="0" complexity="2" coveredmethods="2" methods="2" elements="3" statements="1" conditionals="0" coveredstatements="1"/>
            </class>
            <line complexity="1" visibility="package" signature="Event()" num="5" count="441" type="method"/>
            <line complexity="1" visibility="package" signature="maxDepth() : int" num="19" count="10" type="method"/>
            <line num="20" count="10" type="stmt"/>
         </file>
         <file path="C:\mooctest\projects\6537\118570\ITClocks\src\main\java\net\mooctest\Events.java" name="Events.java">
            <metrics coveredelements="6" coveredconditionals="0" complexity="4" loc="19" coveredmethods="3" methods="4" elements="7" classes="1" ncloc="13" statements="3" conditionals="0" coveredstatements="3"/>
            <class name="Events">
               <metrics coveredelements="6" coveredconditionals="0" complexity="4" coveredmethods="3" methods="4" elements="7" statements="3" conditionals="0" coveredstatements="3"/>
            </class>
            <line complexity="1" visibility="package" signature="zero() : Event" num="5" count="65" type="method"/>
            <line num="6" count="65" type="stmt"/>
            <line complexity="1" visibility="package" signature="with(int) : Event" num="9" count="100" type="method"/>
            <line num="10" count="100" type="stmt"/>
            <line complexity="1" visibility="package" signature="with(int,Event,Event) : Event" num="13" count="63" type="method"/>
            <line num="14" count="63" type="stmt"/>
            <line complexity="1" visibility="private" signature="Events()" num="17" count="0" type="method"/>
         </file>
         <file path="C:\mooctest\projects\6537\118570\ITClocks\src\main\java\net\mooctest\Filler.java" name="Filler.java">
            <metrics coveredelements="10" coveredconditionals="3" complexity="14" loc="65" coveredmethods="2" methods="9" elements="41" classes="1" ncloc="54" statements="22" conditionals="10" coveredstatements="5"/>
            <class name="Filler">
               <metrics coveredelements="10" coveredconditionals="3" complexity="14" coveredmethods="2" methods="9" elements="41" statements="22" conditionals="10" coveredstatements="5"/>
            </class>
            <line complexity="3" visibility="package" signature="fill(ID,Event) : Event" num="5" count="6" type="method"/>
            <line num="6" count="6" type="stmt"/>
            <line falsecount="0" truecount="6" num="6" type="cond"/>
            <line num="7" count="6" type="stmt"/>
            <line num="9" count="0" type="stmt"/>
            <line falsecount="0" truecount="0" num="9" type="cond"/>
            <line num="10" count="0" type="stmt"/>
            <line num="13" count="0" type="stmt"/>
            <line complexity="2" visibility="private" signature="fillWithLeafID(ID,Event) : Event" num="17" count="6" type="method"/>
            <line num="18" count="6" type="stmt"/>
            <line falsecount="5" truecount="1" num="18" type="cond"/>
            <line num="19" count="1" type="stmt"/>
            <line num="22" count="5" type="stmt"/>
            <line complexity="3" visibility="private" signature="fillNonLeafs(ID,Event) : Event" num="26" count="0" type="method"/>
            <line num="27" count="0" type="stmt"/>
            <line falsecount="0" truecount="0" num="27" type="cond"/>
            <line num="28" count="0" type="stmt"/>
            <line num="30" count="0" type="stmt"/>
            <line falsecount="0" truecount="0" num="30" type="cond"/>
            <line num="31" count="0" type="stmt"/>
            <line num="34" count="0" type="stmt"/>
            <line complexity="1" visibility="private" signature="fillLeftOneID(ID,Event) : Event" num="38" count="0" type="method"/>
            <line num="39" count="0" type="stmt"/>
            <line num="40" count="0" type="stmt"/>
            <line num="41" count="0" type="stmt"/>
            <line complexity="1" visibility="private" signature="fillRight(ID,Event) : Event" num="44" count="0" type="method"/>
            <line num="45" count="0" type="stmt"/>
            <line complexity="1" visibility="private" signature="fillRightOneID(ID,Event) : Event" num="48" count="0" type="method"/>
            <line num="49" count="0" type="stmt"/>
            <line num="50" count="0" type="stmt"/>
            <line num="51" count="0" type="stmt"/>
            <line complexity="1" visibility="private" signature="fillLeft(ID,Event) : Event" num="54" count="0" type="method"/>
            <line num="55" count="0" type="stmt"/>
            <line complexity="1" visibility="private" signature="fillLeftRight(ID,Event) : Event" num="58" count="0" type="method"/>
            <line num="59" count="0" type="stmt"/>
            <line complexity="1" visibility="private" signature="Filler()" num="63" count="0" type="method"/>
         </file>
         <file path="C:\mooctest\projects\6537\118570\ITClocks\src\main\java\net\mooctest\GrowResult.java" name="GrowResult.java">
            <metrics coveredelements="9" coveredconditionals="0" complexity="4" loc="25" coveredmethods="4" methods="4" elements="9" classes="1" ncloc="18" statements="5" conditionals="0" coveredstatements="5"/>
            <class name="GrowResult">
               <metrics coveredelements="9" coveredconditionals="0" complexity="4" coveredmethods="4" methods="4" elements="9" statements="5" conditionals="0" coveredstatements="5"/>
            </class>
            <line complexity="1" visibility="package" signature="GrowResult(Event,int)" num="8" count="30" type="method"/>
            <line num="9" count="30" type="stmt"/>
            <line num="10" count="30" type="stmt"/>
            <line complexity="1" visibility="package" signature="getEvent() : Event" num="13" count="24" type="method"/>
            <line num="14" count="24" type="stmt"/>
            <line complexity="1" visibility="package" signature="getCost() : int" num="17" count="30" type="method"/>
            <line num="18" count="30" type="stmt"/>
            <line complexity="1" visibility="package" signature="setCost(int) : void" num="21" count="11" type="method"/>
            <line num="22" count="11" type="stmt"/>
         </file>
         <file path="C:\mooctest\projects\6537\118570\ITClocks\src\main\java\net\mooctest\Grower.java" name="Grower.java">
            <metrics coveredelements="56" coveredconditionals="12" complexity="20" loc="91" coveredmethods="12" methods="13" elements="57" classes="1" ncloc="76" statements="32" conditionals="12" coveredstatements="32"/>
            <class name="Grower">
               <metrics coveredelements="56" coveredconditionals="12" complexity="20" coveredmethods="12" methods="13" elements="57" statements="32" conditionals="12" coveredstatements="32"/>
            </class>
            <line complexity="1" visibility="package" signature="grow(ID,Event) : Event" num="5" count="16" type="method"/>
            <line num="6" count="16" type="stmt"/>
            <line complexity="2" visibility="private" signature="innerGrow(ID,Event) : GrowResult" num="9" count="44" type="method"/>
            <line num="10" count="44" type="stmt"/>
            <line falsecount="24" truecount="20" num="10" type="cond"/>
            <line num="11" count="20" type="stmt"/>
            <line num="14" count="24" type="stmt"/>
            <line complexity="3" visibility="private" signature="growLeafID(ID,Event) : GrowResult" num="18" count="20" type="method"/>
            <line num="19" count="20" type="stmt"/>
            <line falsecount="3" truecount="17" num="19" type="cond"/>
            <line num="20" count="17" type="stmt"/>
            <line num="23" count="3" type="stmt"/>
            <line complexity="4" visibility="private" signature="growNonLeafID(ID,Event) : GrowResult" num="27" count="24" type="method"/>
            <line num="28" count="24" type="stmt"/>
            <line falsecount="12" truecount="12" num="28" type="cond"/>
            <line num="29" count="12" type="stmt"/>
            <line num="31" count="12" type="stmt"/>
            <line falsecount="6" truecount="6" num="31" type="cond"/>
            <line num="32" count="6" type="stmt"/>
            <line num="34" count="6" type="stmt"/>
            <line falsecount="4" truecount="2" num="34" type="cond"/>
            <line num="35" count="2" type="stmt"/>
            <line num="38" count="4" type="stmt"/>
            <line complexity="1" visibility="private" signature="growLeafEvent(ID,Event) : GrowResult" num="42" count="12" type="method"/>
            <line num="43" count="12" type="stmt"/>
            <line num="44" count="10" type="stmt"/>
            <line num="45" count="10" type="stmt"/>
            <line complexity="1" visibility="private" signature="growOnRight(ID,Event) : GrowResult" num="48" count="6" type="method"/>
            <line num="49" count="6" type="stmt"/>
            <line num="50" count="4" type="stmt"/>
            <line complexity="1" visibility="private" signature="growRight(ID,Event) : GrowResult" num="53" count="10" type="method"/>
            <line num="54" count="10" type="stmt"/>
            <line complexity="1" visibility="private" signature="rightGrowth(Event,GrowResult) : GrowResult" num="57" count="6" type="method"/>
            <line num="58" count="6" type="stmt"/>
            <line num="60" count="6" type="stmt"/>
            <line complexity="1" visibility="private" signature="growOnLeft(ID,Event) : GrowResult" num="63" count="2" type="method"/>
            <line num="64" count="2" type="stmt"/>
            <line num="65" count="2" type="stmt"/>
            <line complexity="1" visibility="private" signature="growLeft(ID,Event) : GrowResult" num="68" count="6" type="method"/>
            <line num="69" count="6" type="stmt"/>
            <line complexity="1" visibility="private" signature="leftGrowth(Event,GrowResult) : GrowResult" num="72" count="4" type="method"/>
            <line num="73" count="4" type="stmt"/>
            <line num="75" count="4" type="stmt"/>
            <line complexity="2" visibility="private" signature="growOnBothSides(ID,Event) : GrowResult" num="78" count="4" type="method"/>
            <line num="79" count="4" type="stmt"/>
            <line num="80" count="4" type="stmt"/>
            <line num="81" count="4" type="stmt"/>
            <line falsecount="2" truecount="2" num="81" type="cond"/>
            <line num="82" count="2" type="stmt"/>
            <line num="85" count="2" type="stmt"/>
            <line complexity="1" visibility="private" signature="Grower()" num="89" count="0" type="method"/>
         </file>
         <file path="C:\mooctest\projects\6537\118570\ITClocks\src\main\java\net\mooctest\ID.java" name="ID.java">
            <metrics coveredelements="0" coveredconditionals="0" complexity="0" loc="21" coveredmethods="0" methods="0" elements="0" classes="1" ncloc="11" statements="0" conditionals="0" coveredstatements="0"/>
            <class name="ID">
               <metrics coveredelements="0" coveredconditionals="0" complexity="0" coveredmethods="0" methods="0" elements="0" statements="0" conditionals="0" coveredstatements="0"/>
            </class>
         </file>
         <file path="C:\mooctest\projects\6537\118570\ITClocks\src\main\java\net\mooctest\IDs.java" name="IDs.java">
            <metrics coveredelements="6" coveredconditionals="0" complexity="4" loc="19" coveredmethods="3" methods="4" elements="7" classes="1" ncloc="13" statements="3" conditionals="0" coveredstatements="3"/>
            <class name="IDs">
               <metrics coveredelements="6" coveredconditionals="0" complexity="4" coveredmethods="3" methods="4" elements="7" statements="3" conditionals="0" coveredstatements="3"/>
            </class>
            <line complexity="1" visibility="package" signature="zero() : ID" num="5" count="43" type="method"/>
            <line num="6" count="43" type="stmt"/>
            <line complexity="1" visibility="package" signature="one() : ID" num="9" count="44" type="method"/>
            <line num="10" count="44" type="stmt"/>
            <line complexity="1" visibility="package" signature="with(ID,ID) : ID" num="13" count="49" type="method"/>
            <line num="14" count="49" type="stmt"/>
            <line complexity="1" visibility="private" signature="IDs()" num="17" count="0" type="method"/>
         </file>
         <file path="C:\mooctest\projects\6537\118570\ITClocks\src\main\java\net\mooctest\ITClocks.java" name="ITClocks.java">
            <metrics coveredelements="85" coveredconditionals="25" complexity="36" loc="188" coveredmethods="13" methods="13" elements="90" classes="2" ncloc="99" statements="51" conditionals="26" coveredstatements="47"/>
            <class name="ITClocks">
               <metrics coveredelements="65" coveredconditionals="25" complexity="26" coveredmethods="11" methods="11" elements="67" statements="30" conditionals="26" coveredstatements="29"/>
            </class>
            <class name="ITClocks.Order">
               <metrics coveredelements="20" coveredconditionals="0" complexity="10" coveredmethods="2" methods="2" elements="23" statements="21" conditionals="0" coveredstatements="18"/>
            </class>
            <line complexity="2" visibility="private" signature="lift(Event) : int" num="4" count="11" type="method"/>
            <line num="5" count="11" type="stmt"/>
            <line falsecount="3" truecount="8" num="5" type="cond"/>
            <line complexity="2" visibility="private" signature="tryLeft(Event) : Event" num="8" count="11" type="method"/>
            <line num="9" count="11" type="stmt"/>
            <line falsecount="3" truecount="8" num="9" type="cond"/>
            <line complexity="2" visibility="private" signature="tryRight(Event) : Event" num="12" count="3" type="method"/>
            <line num="13" count="3" type="stmt"/>
            <line falsecount="2" truecount="1" num="13" type="cond"/>
            <line complexity="3" visibility="private" signature="lessThanEquals(int,Event,int,Event) : boolean" num="30" count="55" type="method"/>
            <line num="32" count="55" type="stmt"/>
            <line num="33" count="55" type="stmt"/>
            <line falsecount="11" truecount="44" num="33" type="cond"/>
            <line num="34" count="44" type="stmt"/>
            <line num="36" count="11" type="stmt"/>
            <line num="37" count="11" type="stmt"/>
            <line falsecount="3" truecount="8" num="37" type="cond"/>
            <line num="38" count="8" type="stmt"/>
            <line num="40" count="3" type="stmt"/>
            <line complexity="1" visibility="public" signature="isUnordered() : boolean" num="49" count="15" type="method"/>
            <line num="50" count="15" type="stmt"/>
            <line complexity="9" visibility="public" signature="compose(Order,Order) : Order" num="60" count="6" type="method"/>
            <line num="61" count="6" type="stmt"/>
            <line num="62" count="1" type="stmt"/>
            <line num="63" count="1" type="stmt"/>
            <line num="64" count="1" type="stmt"/>
            <line num="65" count="1" type="stmt"/>
            <line num="66" count="2" type="stmt"/>
            <line num="67" count="2" type="stmt"/>
            <line num="68" count="1" type="stmt"/>
            <line num="69" count="0" type="stmt"/>
            <line num="70" count="1" type="stmt"/>
            <line num="71" count="1" type="stmt"/>
            <line num="72" count="1" type="stmt"/>
            <line num="75" count="2" type="stmt"/>
            <line num="76" count="2" type="stmt"/>
            <line num="77" count="1" type="stmt"/>
            <line num="78" count="0" type="stmt"/>
            <line num="79" count="1" type="stmt"/>
            <line num="80" count="1" type="stmt"/>
            <line num="81" count="1" type="stmt"/>
            <line num="85" count="0" type="stmt"/>
            <line complexity="8" visibility="private" signature="compare0(int,Event,Event) : Order" num="97" count="24" type="method"/>
            <line num="98" count="24" type="stmt"/>
            <line falsecount="14" truecount="10" num="98" type="cond"/>
            <line num="99" count="10" type="stmt"/>
            <line falsecount="3" truecount="7" num="99" type="cond"/>
            <line num="101" count="14" type="stmt"/>
            <line falsecount="7" truecount="7" num="101" type="cond"/>
            <line num="102" count="7" type="stmt"/>
            <line falsecount="1" truecount="6" num="102" type="cond"/>
            <line num="106" count="7" type="stmt"/>
            <line falsecount="1" truecount="6" num="106" type="cond"/>
            <line num="107" count="6" type="stmt"/>
            <line falsecount="1" truecount="5" num="107" type="cond"/>
            <line num="108" count="5" type="stmt"/>
            <line num="110" count="1" type="stmt"/>
            <line num="112" count="1" type="stmt"/>
            <line falsecount="0" truecount="1" num="112" type="cond"/>
            <line num="113" count="1" type="stmt"/>
            <line num="115" count="0" type="stmt"/>
            <line complexity="4" visibility="private" signature="compare(int,Event,Event) : Order" num="127" count="32" type="method"/>
            <line num="128" count="32" type="stmt"/>
            <line falsecount="6" truecount="24" num="128" type="cond"/>
            <line num="129" count="24" type="stmt"/>
            <line num="131" count="6" type="stmt"/>
            <line num="132" count="6" type="stmt"/>
            <line complexity="1" visibility="public" signature="lessThanEquals(Stamp,Stamp) : boolean" num="142" count="2" type="method"/>
            <line num="143" count="2" type="stmt"/>
            <line complexity="1" visibility="public" signature="lessThanEquals(Event,Event) : boolean" num="152" count="10" type="method"/>
            <line num="153" count="10" type="stmt"/>
            <line complexity="1" visibility="public" signature="isConcurrent(Event,Event) : boolean" num="164" count="17" type="method"/>
            <line num="165" count="17" type="stmt"/>
            <line complexity="1" visibility="public" signature="happensBefore(Stamp,Stamp) : boolean" num="175" count="1" type="method"/>
            <line num="176" count="1" type="stmt"/>
            <line complexity="1" visibility="public" signature="happensBefore(Event,Event) : boolean" num="185" count="3" type="method"/>
            <line num="186" count="3" type="stmt"/>
         </file>
         <file path="C:\mooctest\projects\6537\118570\ITClocks\src\main\java\net\mooctest\LeafEvent.java" name="LeafEvent.java">
            <metrics coveredelements="45" coveredconditionals="4" complexity="19" loc="107" coveredmethods="17" methods="17" elements="45" classes="1" ncloc="85" statements="24" conditionals="4" coveredstatements="24"/>
            <class name="LeafEvent">
               <metrics coveredelements="45" coveredconditionals="4" complexity="19" coveredmethods="17" methods="17" elements="45" statements="24" conditionals="4" coveredstatements="24"/>
            </class>
            <line complexity="1" visibility="package" signature="LeafEvent()" num="11" count="16" type="method"/>
            <line num="12" count="16" type="stmt"/>
            <line complexity="1" visibility="package" signature="LeafEvent(int)" num="15" count="312" type="method"/>
            <line num="16" count="312" type="stmt"/>
            <line complexity="1" visibility="package" signature="getValue() : int" num="19" count="286" type="method"/>
            <line num="21" count="286" type="stmt"/>
            <line complexity="1" visibility="package" signature="getLeft() : Event" num="24" count="1" type="method"/>
            <line num="26" count="1" type="stmt"/>
            <line complexity="1" visibility="package" signature="getRight() : Event" num="29" count="1" type="method"/>
            <line num="31" count="1" type="stmt"/>
            <line complexity="1" visibility="package" signature="max() : int" num="34" count="13" type="method"/>
            <line num="36" count="13" type="stmt"/>
            <line complexity="1" visibility="package" signature="min() : int" num="39" count="22" type="method"/>
            <line num="41" count="22" type="stmt"/>
            <line complexity="1" visibility="protected" signature="maxDepth(int) : int" num="44" count="14" type="method"/>
            <line num="46" count="14" type="stmt"/>
            <line complexity="1" visibility="package" signature="isLeaf() : boolean" num="49" count="140" type="method"/>
            <line num="51" count="140" type="stmt"/>
            <line complexity="1" visibility="package" signature="lift(int) : Event" num="54" count="52" type="method"/>
            <line num="56" count="52" type="stmt"/>
            <line complexity="1" visibility="package" signature="sink(int) : Event" num="59" count="17" type="method"/>
            <line num="61" count="17" type="stmt"/>
            <line complexity="1" visibility="package" signature="normalize() : Event" num="64" count="1" type="method"/>
            <line num="66" count="1" type="stmt"/>
            <line complexity="1" visibility="package" signature="leq(Event) : boolean" num="69" count="25" type="method"/>
            <line num="71" count="25" type="stmt"/>
            <line complexity="2" visibility="package" signature="join(Event) : Event" num="74" count="29" type="method"/>
            <line num="76" count="29" type="stmt"/>
            <line falsecount="4" truecount="25" num="76" type="cond"/>
            <line num="77" count="25" type="stmt"/>
            <line num="80" count="4" type="stmt"/>
            <line complexity="2" visibility="public" signature="equals(Object) : boolean" num="84" count="15" type="method"/>
            <line num="86" count="15" type="stmt"/>
            <line falsecount="14" truecount="1" num="86" type="cond"/>
            <line num="87" count="1" type="stmt"/>
            <line num="90" count="14" type="stmt"/>
            <line num="91" count="14" type="stmt"/>
            <line complexity="1" visibility="public" signature="hashCode() : int" num="95" count="5" type="method"/>
            <line num="97" count="5" type="stmt"/>
            <line num="98" count="5" type="stmt"/>
            <line num="99" count="5" type="stmt"/>
            <line complexity="1" visibility="public" signature="toString() : String" num="102" count="44" type="method"/>
            <line num="104" count="44" type="stmt"/>
         </file>
         <file path="C:\mooctest\projects\6537\118570\ITClocks\src\main\java\net\mooctest\LeafID.java" name="LeafID.java">
            <metrics coveredelements="46" coveredconditionals="9" complexity="18" loc="99" coveredmethods="13" methods="13" elements="47" classes="1" ncloc="81" statements="24" conditionals="10" coveredstatements="24"/>
            <class name="LeafID">
               <metrics coveredelements="46" coveredconditionals="9" complexity="18" coveredmethods="13" methods="13" elements="47" statements="24" conditionals="10" coveredstatements="24"/>
            </class>
            <line complexity="1" visibility="package" signature="LeafID(int)" num="11" count="206" type="method"/>
            <line num="12" count="206" type="stmt"/>
            <line complexity="1" visibility="package" signature="getValue() : int" num="15" count="1" type="method"/>
            <line num="16" count="1" type="stmt"/>
            <line complexity="1" visibility="package" signature="getLeft() : ID" num="19" count="1" type="method"/>
            <line num="21" count="1" type="stmt"/>
            <line complexity="1" visibility="package" signature="getRight() : ID" num="24" count="1" type="method"/>
            <line num="26" count="1" type="stmt"/>
            <line complexity="1" visibility="package" signature="isZero() : boolean" num="29" count="106" type="method"/>
            <line num="31" count="106" type="stmt"/>
            <line complexity="1" visibility="package" signature="isOne() : boolean" num="34" count="45" type="method"/>
            <line num="36" count="45" type="stmt"/>
            <line complexity="1" visibility="package" signature="isLeaf() : boolean" num="39" count="28" type="method"/>
            <line num="41" count="28" type="stmt"/>
            <line complexity="1" visibility="package" signature="normalize() : ID" num="44" count="23" type="method"/>
            <line num="46" count="23" type="stmt"/>
            <line complexity="2" visibility="package" signature="split() : ID[]" num="49" count="7" type="method"/>
            <line num="51" count="7" type="stmt"/>
            <line falsecount="6" truecount="1" num="51" type="cond"/>
            <line num="52" count="1" type="stmt"/>
            <line num="55" count="6" type="stmt"/>
            <line complexity="4" visibility="package" signature="sum(ID) : ID" num="62" count="30" type="method"/>
            <line falsecount="0" truecount="30" num="64" type="cond"/>
            <line num="65" count="30" type="stmt"/>
            <line falsecount="16" truecount="14" num="65" type="cond"/>
            <line num="66" count="14" type="stmt"/>
            <line num="68" count="16" type="stmt"/>
            <line falsecount="4" truecount="12" num="68" type="cond"/>
            <line num="69" count="12" type="stmt"/>
            <line num="72" count="4" type="stmt"/>
            <line complexity="2" visibility="public" signature="equals(Object) : boolean" num="76" count="19" type="method"/>
            <line num="78" count="19" type="stmt"/>
            <line falsecount="18" truecount="1" num="78" type="cond"/>
            <line num="79" count="1" type="stmt"/>
            <line num="82" count="18" type="stmt"/>
            <line num="83" count="18" type="stmt"/>
            <line complexity="1" visibility="public" signature="hashCode() : int" num="87" count="6" type="method"/>
            <line num="89" count="6" type="stmt"/>
            <line num="90" count="6" type="stmt"/>
            <line num="91" count="6" type="stmt"/>
            <line complexity="1" visibility="public" signature="toString() : String" num="94" count="52" type="method"/>
            <line num="96" count="52" type="stmt"/>
         </file>
         <file path="C:\mooctest\projects\6537\118570\ITClocks\src\main\java\net\mooctest\NonLeafEvent.java" name="NonLeafEvent.java">
            <metrics coveredelements="73" coveredconditionals="7" complexity="30" loc="165" coveredmethods="22" methods="23" elements="81" classes="1" ncloc="137" statements="48" conditionals="10" coveredstatements="44"/>
            <class name="NonLeafEvent">
               <metrics coveredelements="73" coveredconditionals="7" complexity="30" coveredmethods="22" methods="23" elements="81" statements="48" conditionals="10" coveredstatements="44"/>
            </class>
            <line complexity="1" visibility="package" signature="NonLeafEvent(int,Event,Event)" num="14" count="113" type="method"/>
            <line num="15" count="113" type="stmt"/>
            <line num="16" count="113" type="stmt"/>
            <line num="17" count="113" type="stmt"/>
            <line complexity="1" visibility="package" signature="getValue() : int" num="20" count="145" type="method"/>
            <line num="22" count="145" type="stmt"/>
            <line complexity="1" visibility="package" signature="getLeft() : Event" num="25" count="66" type="method"/>
            <line num="26" count="66" type="stmt"/>
            <line complexity="1" visibility="package" signature="getRight() : Event" num="29" count="57" type="method"/>
            <line num="30" count="57" type="stmt"/>
            <line complexity="1" visibility="package" signature="min() : int" num="33" count="3" type="method"/>
            <line num="35" count="3" type="stmt"/>
            <line num="36" count="3" type="stmt"/>
            <line complexity="1" visibility="package" signature="max() : int" num="39" count="3" type="method"/>
            <line num="41" count="3" type="stmt"/>
            <line num="42" count="3" type="stmt"/>
            <line complexity="1" visibility="protected" signature="maxDepth(int) : int" num="45" count="2" type="method"/>
            <line num="47" count="2" type="stmt"/>
            <line num="48" count="2" type="stmt"/>
            <line num="49" count="2" type="stmt"/>
            <line complexity="1" visibility="package" signature="isLeaf() : boolean" num="52" count="59" type="method"/>
            <line num="54" count="59" type="stmt"/>
            <line complexity="1" visibility="package" signature="lift(int) : Event" num="57" count="3" type="method"/>
            <line num="59" count="3" type="stmt"/>
            <line complexity="1" visibility="package" signature="sink(int) : Event" num="62" count="1" type="method"/>
            <line num="64" count="1" type="stmt"/>
            <line complexity="4" visibility="package" signature="normalize() : Event" num="67" count="8" type="method"/>
            <line num="69" count="8" type="stmt"/>
            <line falsecount="7" truecount="1" num="69" type="cond"/>
            <line num="70" count="1" type="stmt"/>
            <line num="73" count="7" type="stmt"/>
            <line num="74" count="7" type="stmt"/>
            <line complexity="2" visibility="package" signature="leq(Event) : boolean" num="78" count="0" type="method"/>
            <line num="80" count="0" type="stmt"/>
            <line falsecount="0" truecount="0" num="80" type="cond"/>
            <line num="81" count="0" type="stmt"/>
            <line num="84" count="0" type="stmt"/>
            <line complexity="1" visibility="package" signature="leqLeaf(Event) : boolean" num="88" count="6" type="method"/>
            <line num="89" count="6" type="stmt"/>
            <line complexity="1" visibility="package" signature="liftedLeft(Event) : Event" num="94" count="18" type="method"/>
            <line num="95" count="18" type="stmt"/>
            <line complexity="1" visibility="package" signature="liftedRight(Event) : Event" num="98" count="16" type="method"/>
            <line num="99" count="16" type="stmt"/>
            <line complexity="1" visibility="package" signature="leqNonLeafs(Event) : boolean" num="102" count="6" type="method"/>
            <line num="103" count="6" type="stmt"/>
            <line complexity="2" visibility="package" signature="join(Event) : Event" num="108" count="11" type="method"/>
            <line num="110" count="11" type="stmt"/>
            <line falsecount="10" truecount="1" num="110" type="cond"/>
            <line num="111" count="1" type="stmt"/>
            <line num="114" count="10" type="stmt"/>
            <line complexity="2" visibility="package" signature="joinNonLeaf(Event) : Event" num="118" count="12" type="method"/>
            <line num="119" count="12" type="stmt"/>
            <line falsecount="8" truecount="4" num="119" type="cond"/>
            <line num="120" count="4" type="stmt"/>
            <line num="123" count="8" type="stmt"/>
            <line num="124" count="8" type="stmt"/>
            <line complexity="1" visibility="package" signature="leftJoin(Event) : Event" num="128" count="9" type="method"/>
            <line num="129" count="9" type="stmt"/>
            <line num="130" count="9" type="stmt"/>
            <line complexity="1" visibility="package" signature="rightJoin(Event) : Event" num="133" count="9" type="method"/>
            <line num="134" count="9" type="stmt"/>
            <line num="135" count="9" type="stmt"/>
            <line complexity="2" visibility="public" signature="equals(Object) : boolean" num="138" count="4" type="method"/>
            <line num="140" count="4" type="stmt"/>
            <line falsecount="4" truecount="0" num="140" type="cond"/>
            <line num="141" count="0" type="stmt"/>
            <line num="144" count="4" type="stmt"/>
            <line num="145" count="4" type="stmt"/>
            <line complexity="1" visibility="public" signature="hashCode() : int" num="151" count="1" type="method"/>
            <line num="153" count="1" type="stmt"/>
            <line num="154" count="1" type="stmt"/>
            <line num="155" count="1" type="stmt"/>
            <line num="156" count="1" type="stmt"/>
            <line num="157" count="1" type="stmt"/>
            <line complexity="1" visibility="public" signature="toString() : String" num="160" count="11" type="method"/>
            <line num="162" count="11" type="stmt"/>
         </file>
         <file path="C:\mooctest\projects\6537\118570\ITClocks\src\main\java\net\mooctest\NonLeafID.java" name="NonLeafID.java">
            <metrics coveredelements="58" coveredconditionals="11" complexity="26" loc="133" coveredmethods="15" methods="16" elements="69" classes="1" ncloc="112" statements="37" conditionals="16" coveredstatements="32"/>
            <class name="NonLeafID">
               <metrics coveredelements="58" coveredconditionals="11" complexity="26" coveredmethods="15" methods="16" elements="69" statements="37" conditionals="16" coveredstatements="32"/>
            </class>
            <line complexity="1" visibility="package" signature="NonLeafID(ID,ID)" num="13" count="93" type="method"/>
            <line num="14" count="93" type="stmt"/>
            <line num="15" count="93" type="stmt"/>
            <line complexity="1" visibility="package" signature="getLeft() : ID" num="18" count="38" type="method"/>
            <line num="19" count="38" type="stmt"/>
            <line complexity="1" visibility="package" signature="getRight() : ID" num="22" count="34" type="method"/>
            <line num="23" count="34" type="stmt"/>
            <line complexity="1" visibility="package" signature="isOne() : boolean" num="26" count="1" type="method"/>
            <line num="28" count="1" type="stmt"/>
            <line complexity="1" visibility="package" signature="isZero() : boolean" num="31" count="7" type="method"/>
            <line num="33" count="7" type="stmt"/>
            <line complexity="1" visibility="package" signature="isLeaf() : boolean" num="36" count="28" type="method"/>
            <line num="38" count="28" type="stmt"/>
            <line complexity="1" visibility="package" signature="normalize() : ID" num="41" count="11" type="method"/>
            <line num="43" count="11" type="stmt"/>
            <line complexity="5" visibility="package" signature="normalize(ID,ID) : ID" num="46" count="15" type="method"/>
            <line num="47" count="15" type="stmt"/>
            <line falsecount="12" truecount="3" num="47" type="cond"/>
            <line num="48" count="3" type="stmt"/>
            <line num="50" count="12" type="stmt"/>
            <line falsecount="10" truecount="2" num="50" type="cond"/>
            <line num="51" count="2" type="stmt"/>
            <line num="54" count="10" type="stmt"/>
            <line complexity="3" visibility="package" signature="split() : ID[]" num="58" count="0" type="method"/>
            <line num="60" count="0" type="stmt"/>
            <line falsecount="0" truecount="0" num="60" type="cond"/>
            <line num="61" count="0" type="stmt"/>
            <line num="63" count="0" type="stmt"/>
            <line falsecount="0" truecount="0" num="63" type="cond"/>
            <line num="64" count="0" type="stmt"/>
            <line num="67" count="0" type="stmt"/>
            <line complexity="1" visibility="package" signature="splitWithLeftZero() : ID[]" num="74" count="1" type="method"/>
            <line num="75" count="1" type="stmt"/>
            <line num="76" count="1" type="stmt"/>
            <line complexity="1" visibility="package" signature="splitWithRightZero() : ID[]" num="82" count="1" type="method"/>
            <line num="83" count="1" type="stmt"/>
            <line num="84" count="1" type="stmt"/>
            <line complexity="4" visibility="package" signature="sum(ID) : ID" num="90" count="5" type="method"/>
            <line falsecount="0" truecount="5" num="92" type="cond"/>
            <line num="93" count="5" type="stmt"/>
            <line falsecount="4" truecount="1" num="93" type="cond"/>
            <line num="94" count="1" type="stmt"/>
            <line num="96" count="4" type="stmt"/>
            <line falsecount="1" truecount="3" num="96" type="cond"/>
            <line num="97" count="3" type="stmt"/>
            <line num="100" count="1" type="stmt"/>
            <line complexity="1" visibility="package" signature="sumNonLeaf(ID) : ID" num="104" count="10" type="method"/>
            <line num="105" count="10" type="stmt"/>
            <line num="106" count="10" type="stmt"/>
            <line num="107" count="8" type="stmt"/>
            <line num="108" count="8" type="stmt"/>
            <line complexity="2" visibility="public" signature="equals(Object) : boolean" num="111" count="8" type="method"/>
            <line num="113" count="8" type="stmt"/>
            <line falsecount="7" truecount="1" num="113" type="cond"/>
            <line num="114" count="1" type="stmt"/>
            <line num="117" count="7" type="stmt"/>
            <line num="118" count="7" type="stmt"/>
            <line complexity="1" visibility="public" signature="hashCode() : int" num="123" count="3" type="method"/>
            <line num="125" count="3" type="stmt"/>
            <line complexity="1" visibility="public" signature="toString() : String" num="128" count="20" type="method"/>
            <line num="130" count="20" type="stmt"/>
         </file>
         <file path="C:\mooctest\projects\6537\118570\ITClocks\src\main\java\net\mooctest\Stamp.java" name="Stamp.java">
            <metrics coveredelements="45" coveredconditionals="3" complexity="17" loc="102" coveredmethods="15" methods="15" elements="47" classes="1" ncloc="80" statements="28" conditionals="4" coveredstatements="27"/>
            <class name="Stamp">
               <metrics coveredelements="45" coveredconditionals="3" complexity="17" coveredmethods="15" methods="15" elements="47" statements="28" conditionals="4" coveredstatements="27"/>
            </class>
            <line complexity="1" visibility="public" signature="Stamp()" num="12" count="16" type="method"/>
            <line num="13" count="16" type="stmt"/>
            <line num="14" count="16" type="stmt"/>
            <line complexity="1" visibility="package" signature="Stamp(ID,Event)" num="17" count="30" type="method"/>
            <line num="18" count="30" type="stmt"/>
            <line num="19" count="30" type="stmt"/>
            <line complexity="1" visibility="package" signature="getId() : ID" num="22" count="6" type="method"/>
            <line num="23" count="6" type="stmt"/>
            <line complexity="1" visibility="package" signature="getEvent() : Event" num="26" count="8" type="method"/>
            <line num="27" count="8" type="stmt"/>
            <line complexity="1" visibility="public" signature="fork() : Stamp[]" num="30" count="3" type="method"/>
            <line num="31" count="3" type="stmt"/>
            <line num="32" count="3" type="stmt"/>
            <line complexity="1" visibility="public" signature="peek() : Stamp[]" num="38" count="3" type="method"/>
            <line num="39" count="3" type="stmt"/>
            <line complexity="1" visibility="public" signature="join(Stamp) : Stamp" num="45" count="6" type="method"/>
            <line num="46" count="6" type="stmt"/>
            <line num="47" count="5" type="stmt"/>
            <line num="48" count="5" type="stmt"/>
            <line complexity="2" visibility="public" signature="event() : Stamp" num="51" count="6" type="method"/>
            <line num="52" count="6" type="stmt"/>
            <line num="53" count="6" type="stmt"/>
            <line falsecount="6" truecount="0" num="53" type="cond"/>
            <line num="54" count="0" type="stmt"/>
            <line num="57" count="6" type="stmt"/>
            <line complexity="1" visibility="public" signature="toString() : String" num="61" count="1" type="method"/>
            <line num="63" count="1" type="stmt"/>
            <line complexity="2" visibility="public" signature="equals(Object) : boolean" num="66" count="2" type="method"/>
            <line num="68" count="2" type="stmt"/>
            <line falsecount="1" truecount="1" num="68" type="cond"/>
            <line num="69" count="1" type="stmt"/>
            <line num="72" count="1" type="stmt"/>
            <line num="73" count="1" type="stmt"/>
            <line complexity="1" visibility="public" signature="hashCode() : int" num="77" count="1" type="method"/>
            <line num="79" count="1" type="stmt"/>
            <line num="80" count="1" type="stmt"/>
            <line num="81" count="1" type="stmt"/>
            <line complexity="1" visibility="public" signature="send() : Stamp[]" num="86" count="2" type="method"/>
            <line num="87" count="2" type="stmt"/>
            <line complexity="1" visibility="public" signature="receive(Stamp) : Stamp" num="90" count="2" type="method"/>
            <line num="91" count="2" type="stmt"/>
            <line complexity="1" visibility="public" signature="sync(Stamp) : Stamp[]" num="94" count="2" type="method"/>
            <line num="95" count="2" type="stmt"/>
            <line complexity="1" visibility="public" signature="leq(Stamp) : boolean" num="98" count="1" type="method"/>
            <line num="99" count="1" type="stmt"/>
         </file>
      </package>
   </project>
   <testproject name="ITClocks 0.0.1-SNAPSHOT" timestamp="1654314779189">
      <metrics coveredelements="568" complexity="148" loc="1934" methods="146" classes="11" statements="424" packages="1" coveredconditionals="0" coveredmethods="146" elements="570" ncloc="922" files="11" conditionals="0" coveredstatements="422"/>
      <package name="net.mooctest">
         <metrics coveredelements="568" complexity="148" loc="1934" methods="146" classes="11" statements="424" coveredconditionals="0" coveredmethods="146" elements="570" ncloc="922" files="11" conditionals="0" coveredstatements="422"/>
         <file path="C:\mooctest\projects\6537\118570\ITClocks\src\test\java\net\mooctest\EventsTest.java" name="EventsTest.java">
            <metrics coveredelements="6" coveredconditionals="0" complexity="3" loc="49" coveredmethods="3" methods="3" elements="6" classes="1" ncloc="17" statements="3" conditionals="0" coveredstatements="3"/>
            <class name="EventsTest">
               <metrics coveredelements="6" complexity="3" methods="3" testruns="3" statements="3" coveredconditionals="0" coveredmethods="3" elements="6" testfailures="0" testduration="0.041" conditionals="0" coveredstatements="3" testpasses="3"/>
            </class>
            <line complexity="1" visibility="public" signature="testZero() : void" num="22" testsuccess="true" count="1" testduration="0.0" type="method"/>
            <line num="24" count="1" type="stmt"/>
            <line complexity="1" visibility="public" signature="testWithValue() : void" num="32" testsuccess="true" count="1" testduration="0.0" type="method"/>
            <line num="34" count="1" type="stmt"/>
            <line complexity="1" visibility="public" signature="testWithForValueLeftRight() : void" num="42" testsuccess="true" count="1" testduration="0.041" type="method"/>
            <line num="44" count="1" type="stmt"/>
         </file>
         <file path="C:\mooctest\projects\6537\118570\ITClocks\src\test\java\net\mooctest\FillerTest.java" name="FillerTest.java">
            <metrics coveredelements="21" coveredconditionals="0" complexity="9" loc="181" coveredmethods="9" methods="9" elements="21" classes="1" ncloc="44" statements="12" conditionals="0" coveredstatements="12"/>
            <class name="FillerTest">
               <metrics coveredelements="21" complexity="9" methods="9" testruns="9" statements="12" coveredconditionals="0" coveredmethods="9" elements="21" testfailures="0" testduration="0.034" conditionals="0" coveredstatements="12" testpasses="9"/>
            </class>
            <line complexity="1" visibility="public" signature="testFill() : void" num="19" testsuccess="true" count="1" testduration="0.007" type="method"/>
            <line num="21" count="1" type="stmt"/>
            <line num="22" count="1" type="stmt"/>
            <line num="23" count="1" type="stmt"/>
            <line num="24" count="1" type="stmt"/>
            <line num="25" count="1" type="stmt"/>
            <line num="26" count="1" type="stmt"/>
            <line num="27" count="1" type="stmt"/>
            <line num="28" count="1" type="stmt"/>
            <line num="29" count="1" type="stmt"/>
            <line complexity="1" visibility="public" signature="testFill1() : void" num="32" testsuccess="true" count="1" testduration="0.027" type="method"/>
            <line num="34" count="1" type="stmt"/>
            <line num="35" count="1" type="stmt"/>
            <line num="36" count="1" type="stmt"/>
            <line complexity="1" visibility="public" signature="testFillWithLeafID() : void" num="46" testsuccess="true" count="1" testduration="0.0" type="method"/>
            <line complexity="1" visibility="public" signature="testFillNonLeafs() : void" num="66" testsuccess="true" count="1" testduration="0.0" type="method"/>
            <line complexity="1" visibility="public" signature="testFillLeftOneID() : void" num="86" testsuccess="true" count="1" testduration="0.0" type="method"/>
            <line complexity="1" visibility="public" signature="testFillRight() : void" num="106" testsuccess="true" count="1" testduration="0.0" type="method"/>
            <line complexity="1" visibility="public" signature="testFillRightOneID() : void" num="126" testsuccess="true" count="1" testduration="0.0" type="method"/>
            <line complexity="1" visibility="public" signature="testFillLeft() : void" num="146" testsuccess="true" count="1" testduration="0.0" type="method"/>
            <line complexity="1" visibility="public" signature="testFillLeftRight() : void" num="166" testsuccess="true" count="1" testduration="0.0" type="method"/>
         </file>
         <file path="C:\mooctest\projects\6537\118570\ITClocks\src\test\java\net\mooctest\GrowResultTest.java" name="GrowResultTest.java">
            <metrics coveredelements="10" coveredconditionals="0" complexity="3" loc="51" coveredmethods="3" methods="3" elements="10" classes="1" ncloc="21" statements="7" conditionals="0" coveredstatements="7"/>
            <class name="GrowResultTest">
               <metrics coveredelements="10" complexity="3" methods="3" testruns="3" statements="7" coveredconditionals="0" coveredmethods="3" elements="10" testfailures="0" testduration="0.0" conditionals="0" coveredstatements="7" testpasses="3"/>
            </class>
            <line complexity="1" visibility="public" signature="testGetEvent() : void" num="21" testsuccess="true" count="1" testduration="0.0" type="method"/>
            <line num="23" count="1" type="stmt"/>
            <line num="24" count="1" type="stmt"/>
            <line complexity="1" visibility="public" signature="testGetCost() : void" num="32" testsuccess="true" count="1" testduration="0.0" type="method"/>
            <line num="34" count="1" type="stmt"/>
            <line num="35" count="1" type="stmt"/>
            <line complexity="1" visibility="public" signature="testSetCost() : void" num="43" testsuccess="true" count="1" testduration="0.0" type="method"/>
            <line num="45" count="1" type="stmt"/>
            <line num="46" count="1" type="stmt"/>
            <line num="47" count="1" type="stmt"/>
         </file>
         <file path="C:\mooctest\projects\6537\118570\ITClocks\src\test\java\net\mooctest\GrowerTest.java" name="GrowerTest.java">
            <metrics coveredelements="25" coveredconditionals="0" complexity="13" loc="262" coveredmethods="13" methods="13" elements="25" classes="1" ncloc="56" statements="12" conditionals="0" coveredstatements="12"/>
            <class name="GrowerTest">
               <metrics coveredelements="25" complexity="13" methods="13" testruns="13" statements="12" coveredconditionals="0" coveredmethods="13" elements="25" testfailures="0" testduration="0.0" conditionals="0" coveredstatements="12" testpasses="13"/>
            </class>
            <line complexity="1" visibility="public" signature="testGrow() : void" num="21" testsuccess="true" count="1" testduration="0.0" type="method"/>
            <line num="23" count="1" type="stmt"/>
            <line num="24" count="1" type="stmt"/>
            <line num="25" count="1" type="stmt"/>
            <line num="26" count="1" type="stmt"/>
            <line num="27" count="1" type="stmt"/>
            <line num="28" count="1" type="stmt"/>
            <line num="29" count="1" type="stmt"/>
            <line num="30" count="1" type="stmt"/>
            <line num="31" count="1" type="stmt"/>
            <line complexity="1" visibility="public" signature="testGrow1() : void" num="34" testsuccess="true" count="1" testduration="0.0" type="method"/>
            <line num="36" count="1" type="stmt"/>
            <line num="37" count="1" type="stmt"/>
            <line num="38" count="1" type="stmt"/>
            <line complexity="1" visibility="public" signature="testInnerGrow() : void" num="47" testsuccess="true" count="1" testduration="0.0" type="method"/>
            <line complexity="1" visibility="public" signature="testGrowLeafID() : void" num="67" testsuccess="true" count="1" testduration="0.0" type="method"/>
            <line complexity="1" visibility="public" signature="testGrowNonLeafID() : void" num="87" testsuccess="true" count="1" testduration="0.0" type="method"/>
            <line complexity="1" visibility="public" signature="testGrowLeafEvent() : void" num="107" testsuccess="true" count="1" testduration="0.0" type="method"/>
            <line complexity="1" visibility="public" signature="testGrowOnRight() : void" num="127" testsuccess="true" count="1" testduration="0.0" type="method"/>
            <line complexity="1" visibility="public" signature="testGrowRight() : void" num="147" testsuccess="true" count="1" testduration="0.0" type="method"/>
            <line complexity="1" visibility="public" signature="testRightGrowth() : void" num="167" testsuccess="true" count="1" testduration="0.0" type="method"/>
            <line complexity="1" visibility="public" signature="testGrowOnLeft() : void" num="187" testsuccess="true" count="1" testduration="0.0" type="method"/>
            <line complexity="1" visibility="public" signature="testGrowLeft() : void" num="207" testsuccess="true" count="1" testduration="0.0" type="method"/>
            <line complexity="1" visibility="public" signature="testLeftGrowth() : void" num="227" testsuccess="true" count="1" testduration="0.0" type="method"/>
            <line complexity="1" visibility="public" signature="testGrowOnBothSides() : void" num="247" testsuccess="true" count="1" testduration="0.0" type="method"/>
         </file>
         <file path="C:\mooctest\projects\6537\118570\ITClocks\src\test\java\net\mooctest\IDsTest.java" name="IDsTest.java">
            <metrics coveredelements="6" coveredconditionals="0" complexity="3" loc="45" coveredmethods="3" methods="3" elements="6" classes="1" ncloc="17" statements="3" conditionals="0" coveredstatements="3"/>
            <class name="IDsTest">
               <metrics coveredelements="6" complexity="3" methods="3" testruns="3" statements="3" coveredconditionals="0" coveredmethods="3" elements="6" testfailures="0" testduration="0.001" conditionals="0" coveredstatements="3" testpasses="3"/>
            </class>
            <line complexity="1" visibility="public" signature="testZero() : void" num="19" testsuccess="true" count="1" testduration="0.001" type="method"/>
            <line num="21" count="1" type="stmt"/>
            <line complexity="1" visibility="public" signature="testOne() : void" num="29" testsuccess="true" count="1" testduration="0.0" type="method"/>
            <line num="31" count="1" type="stmt"/>
            <line complexity="1" visibility="public" signature="testWith() : void" num="39" testsuccess="true" count="1" testduration="0.0" type="method"/>
            <line num="41" count="1" type="stmt"/>
         </file>
         <file path="C:\mooctest\projects\6537\118570\ITClocks\src\test\java\net\mooctest\ITClocksTest.java" name="ITClocksTest.java">
            <metrics coveredelements="78" coveredconditionals="0" complexity="13" loc="127" coveredmethods="11" methods="11" elements="80" classes="1" ncloc="112" statements="69" conditionals="0" coveredstatements="67"/>
            <class name="ITClocksTest">
               <metrics coveredelements="78" complexity="13" methods="11" testruns="10" statements="69" coveredconditionals="0" coveredmethods="11" elements="80" testfailures="0" testduration="0.024" conditionals="0" coveredstatements="67" testpasses="10"/>
            </class>
            <line complexity="1" visibility="public" signature="setUp() : void" num="10" count="10" type="method"/>
            <line num="12" count="10" type="stmt"/>
            <line complexity="1" visibility="public" signature="testLteEvent() : void" num="15" testsuccess="true" count="1" testduration="0.0" type="method"/>
            <line num="17" count="1" type="stmt"/>
            <line num="18" count="1" type="stmt"/>
            <line num="19" count="1" type="stmt"/>
            <line num="20" count="1" type="stmt"/>
            <line num="21" count="1" type="stmt"/>
            <line num="22" count="1" type="stmt"/>
            <line num="23" count="1" type="stmt"/>
            <line num="24" count="1" type="stmt"/>
            <line num="25" count="1" type="stmt"/>
            <line num="26" count="1" type="stmt"/>
            <line num="27" count="1" type="stmt"/>
            <line num="28" count="1" type="stmt"/>
            <line complexity="1" visibility="public" signature="testLteStamp() : void" num="31" testsuccess="true" count="1" testduration="0.009" type="method"/>
            <line num="33" count="1" type="stmt"/>
            <line num="34" count="1" type="stmt"/>
            <line num="35" count="1" type="stmt"/>
            <line num="36" count="1" type="stmt"/>
            <line complexity="1" visibility="public" signature="testCmpEvent() : void" num="39" testsuccess="true" count="1" testduration="0.015" type="method"/>
            <line num="41" count="1" type="stmt"/>
            <line num="42" count="1" type="stmt"/>
            <line num="43" count="1" type="stmt"/>
            <line num="44" count="1" type="stmt"/>
            <line num="45" count="1" type="stmt"/>
            <line num="46" count="1" type="stmt"/>
            <line num="47" count="1" type="stmt"/>
            <line num="48" count="1" type="stmt"/>
            <line num="49" count="1" type="stmt"/>
            <line num="50" count="1" type="stmt"/>
            <line num="51" count="1" type="stmt"/>
            <line num="52" count="1" type="stmt"/>
            <line complexity="1" visibility="public" signature="testUncmp() : void" num="55" testsuccess="true" count="1" testduration="0.0" type="method"/>
            <line num="57" count="1" type="stmt"/>
            <line num="58" count="1" type="stmt"/>
            <line num="59" count="1" type="stmt"/>
            <line num="60" count="1" type="stmt"/>
            <line num="61" count="1" type="stmt"/>
            <line num="62" count="1" type="stmt"/>
            <line complexity="1" visibility="public" signature="testHB() : void" num="65" testsuccess="true" count="1" testduration="0.0" type="method"/>
            <line num="67" count="1" type="stmt"/>
            <line num="68" count="1" type="stmt"/>
            <line num="69" count="1" type="stmt"/>
            <line num="70" count="1" type="stmt"/>
            <line num="71" count="1" type="stmt"/>
            <line num="72" count="1" type="stmt"/>
            <line num="73" count="1" type="stmt"/>
            <line num="74" count="1" type="stmt"/>
            <line complexity="1" visibility="public" signature="testHA() : void" num="77" testsuccess="true" count="1" testduration="0.0" type="method"/>
            <line num="79" count="1" type="stmt"/>
            <line num="80" count="1" type="stmt"/>
            <line num="81" count="1" type="stmt"/>
            <line num="82" count="1" type="stmt"/>
            <line num="83" count="1" type="stmt"/>
            <line num="84" count="1" type="stmt"/>
            <line num="85" count="1" type="stmt"/>
            <line num="86" count="1" type="stmt"/>
            <line complexity="1" visibility="public" signature="testCmp0() : void" num="89" testsuccess="true" count="1" testduration="0.0" type="method"/>
            <line num="91" count="1" type="stmt"/>
            <line num="92" count="1" type="stmt"/>
            <line num="93" count="1" type="stmt"/>
            <line num="94" count="1" type="stmt"/>
            <line num="95" count="1" type="stmt"/>
            <line complexity="3" visibility="public" signature="testCmpNull() : void" num="98" testsuccess="true" count="1" testduration="0.0" type="method"/>
            <line num="100" count="1" type="stmt"/>
            <line num="101" count="1" type="stmt"/>
            <line num="102" count="1" type="stmt"/>
            <line num="103" count="0" type="stmt"/>
            <line num="106" count="1" type="stmt"/>
            <line num="107" count="1" type="stmt"/>
            <line num="108" count="0" type="stmt"/>
            <line complexity="1" visibility="public" signature="testCmpBefore() : void" num="113" testsuccess="true" count="1" testduration="0.0" type="method"/>
            <line num="115" count="1" type="stmt"/>
            <line num="116" count="1" type="stmt"/>
            <line num="117" count="1" type="stmt"/>
            <line num="118" count="1" type="stmt"/>
            <line complexity="1" visibility="public" signature="testCmpBeforeStamp() : void" num="121" testsuccess="true" count="1" testduration="0.0" type="method"/>
            <line num="123" count="1" type="stmt"/>
            <line num="124" count="1" type="stmt"/>
         </file>
         <file path="C:\mooctest\projects\6537\118570\ITClocks\src\test\java\net\mooctest\LeafEventTest.java" name="LeafEventTest.java">
            <metrics coveredelements="82" coveredconditionals="0" complexity="18" loc="226" coveredmethods="18" methods="18" elements="82" classes="1" ncloc="123" statements="64" conditionals="0" coveredstatements="64"/>
            <class name="LeafEventTest">
               <metrics coveredelements="82" complexity="18" methods="18" testruns="18" statements="64" coveredconditionals="0" coveredmethods="18" elements="82" testfailures="0" testduration="0.0" conditionals="0" coveredstatements="64" testpasses="18"/>
            </class>
            <line complexity="1" visibility="public" signature="testGetValue() : void" num="19" testsuccess="true" count="1" testduration="0.0" type="method"/>
            <line num="21" count="1" type="stmt"/>
            <line num="22" count="1" type="stmt"/>
            <line num="23" count="1" type="stmt"/>
            <line num="24" count="1" type="stmt"/>
            <line complexity="1" visibility="public" signature="testGetLeft() : void" num="32" testsuccess="true" count="1" testduration="0.0" type="method"/>
            <line num="34" count="1" type="stmt"/>
            <line num="35" count="1" type="stmt"/>
            <line complexity="1" visibility="public" signature="testGetRight() : void" num="43" testsuccess="true" count="1" testduration="0.0" type="method"/>
            <line num="45" count="1" type="stmt"/>
            <line num="46" count="1" type="stmt"/>
            <line complexity="1" visibility="public" signature="testMax() : void" num="54" testsuccess="true" count="1" testduration="0.0" type="method"/>
            <line num="56" count="1" type="stmt"/>
            <line num="57" count="1" type="stmt"/>
            <line num="58" count="1" type="stmt"/>
            <line num="59" count="1" type="stmt"/>
            <line complexity="1" visibility="public" signature="testMin() : void" num="67" testsuccess="true" count="1" testduration="0.0" type="method"/>
            <line num="69" count="1" type="stmt"/>
            <line num="70" count="1" type="stmt"/>
            <line num="71" count="1" type="stmt"/>
            <line num="72" count="1" type="stmt"/>
            <line complexity="1" visibility="public" signature="testMaxDepth() : void" num="80" testsuccess="true" count="1" testduration="0.0" type="method"/>
            <line num="82" count="1" type="stmt"/>
            <line num="83" count="1" type="stmt"/>
            <line complexity="1" visibility="public" signature="testIsLeaf() : void" num="91" testsuccess="true" count="1" testduration="0.0" type="method"/>
            <line num="93" count="1" type="stmt"/>
            <line num="94" count="1" type="stmt"/>
            <line complexity="1" visibility="public" signature="testLift() : void" num="102" testsuccess="true" count="1" testduration="0.0" type="method"/>
            <line num="104" count="1" type="stmt"/>
            <line num="105" count="1" type="stmt"/>
            <line num="106" count="1" type="stmt"/>
            <line num="107" count="1" type="stmt"/>
            <line num="108" count="1" type="stmt"/>
            <line complexity="1" visibility="public" signature="testSink() : void" num="116" testsuccess="true" count="1" testduration="0.0" type="method"/>
            <line num="118" count="1" type="stmt"/>
            <line num="119" count="1" type="stmt"/>
            <line num="120" count="1" type="stmt"/>
            <line num="121" count="1" type="stmt"/>
            <line num="122" count="1" type="stmt"/>
            <line complexity="1" visibility="public" signature="testNormalize() : void" num="130" testsuccess="true" count="1" testduration="0.0" type="method"/>
            <line num="132" count="1" type="stmt"/>
            <line num="133" count="1" type="stmt"/>
            <line complexity="1" visibility="public" signature="testLeq() : void" num="141" testsuccess="true" count="1" testduration="0.0" type="method"/>
            <line num="143" count="1" type="stmt"/>
            <line num="144" count="1" type="stmt"/>
            <line num="145" count="1" type="stmt"/>
            <line num="146" count="1" type="stmt"/>
            <line complexity="1" visibility="public" signature="testJoin() : void" num="154" testsuccess="true" count="1" testduration="0.0" type="method"/>
            <line num="156" count="1" type="stmt"/>
            <line num="157" count="1" type="stmt"/>
            <line num="158" count="1" type="stmt"/>
            <line complexity="1" visibility="public" signature="testJoin1() : void" num="161" testsuccess="true" count="1" testduration="0.0" type="method"/>
            <line num="163" count="1" type="stmt"/>
            <line num="164" count="1" type="stmt"/>
            <line num="165" count="1" type="stmt"/>
            <line complexity="1" visibility="public" signature="testJoin2() : void" num="168" testsuccess="true" count="1" testduration="0.0" type="method"/>
            <line num="170" count="1" type="stmt"/>
            <line num="171" count="1" type="stmt"/>
            <line num="172" count="1" type="stmt"/>
            <line num="173" count="1" type="stmt"/>
            <line complexity="1" visibility="public" signature="testJoin4() : void" num="176" testsuccess="true" count="1" testduration="0.0" type="method"/>
            <line num="178" count="1" type="stmt"/>
            <line num="179" count="1" type="stmt"/>
            <line num="180" count="1" type="stmt"/>
            <line num="181" count="1" type="stmt"/>
            <line complexity="1" visibility="public" signature="testEquals() : void" num="189" testsuccess="true" count="1" testduration="0.0" type="method"/>
            <line num="191" count="1" type="stmt"/>
            <line num="192" count="1" type="stmt"/>
            <line num="193" count="1" type="stmt"/>
            <line num="194" count="1" type="stmt"/>
            <line num="195" count="1" type="stmt"/>
            <line num="196" count="1" type="stmt"/>
            <line complexity="1" visibility="public" signature="testHashCode() : void" num="204" testsuccess="true" count="1" testduration="0.0" type="method"/>
            <line num="206" count="1" type="stmt"/>
            <line num="207" count="1" type="stmt"/>
            <line num="208" count="1" type="stmt"/>
            <line num="209" count="1" type="stmt"/>
            <line complexity="1" visibility="public" signature="testToString() : void" num="217" testsuccess="true" count="1" testduration="0.0" type="method"/>
            <line num="219" count="1" type="stmt"/>
            <line num="220" count="1" type="stmt"/>
            <line num="221" count="1" type="stmt"/>
            <line num="222" count="1" type="stmt"/>
         </file>
         <file path="C:\mooctest\projects\6537\118570\ITClocks\src\test\java\net\mooctest\LeafIDTest.java" name="LeafIDTest.java">
            <metrics coveredelements="63" coveredconditionals="0" complexity="17" loc="192" coveredmethods="17" methods="17" elements="63" classes="1" ncloc="102" statements="46" conditionals="0" coveredstatements="46"/>
            <class name="LeafIDTest">
               <metrics coveredelements="63" complexity="17" methods="17" testruns="17" statements="46" coveredconditionals="0" coveredmethods="17" elements="63" testfailures="0" testduration="0.001" conditionals="0" coveredstatements="46" testpasses="17"/>
            </class>
            <line complexity="1" visibility="public" signature="testGetValue() : void" num="20" testsuccess="true" count="1" testduration="0.0" type="method"/>
            <line num="22" count="1" type="stmt"/>
            <line num="23" count="1" type="stmt"/>
            <line complexity="1" visibility="public" signature="testGetLeft() : void" num="31" testsuccess="true" count="1" testduration="0.0" type="method"/>
            <line num="33" count="1" type="stmt"/>
            <line num="34" count="1" type="stmt"/>
            <line complexity="1" visibility="public" signature="testGetRight() : void" num="42" testsuccess="true" count="1" testduration="0.0" type="method"/>
            <line num="44" count="1" type="stmt"/>
            <line num="45" count="1" type="stmt"/>
            <line complexity="1" visibility="public" signature="testIsZero() : void" num="53" testsuccess="true" count="1" testduration="0.0" type="method"/>
            <line num="55" count="1" type="stmt"/>
            <line num="56" count="1" type="stmt"/>
            <line complexity="1" visibility="public" signature="testIsOne() : void" num="64" testsuccess="true" count="1" testduration="0.0" type="method"/>
            <line num="66" count="1" type="stmt"/>
            <line num="67" count="1" type="stmt"/>
            <line complexity="1" visibility="public" signature="testIsLeaf() : void" num="75" testsuccess="true" count="1" testduration="0.0" type="method"/>
            <line num="77" count="1" type="stmt"/>
            <line num="78" count="1" type="stmt"/>
            <line complexity="1" visibility="public" signature="testNormalize() : void" num="87" testsuccess="true" count="1" testduration="0.0" type="method"/>
            <line num="89" count="1" type="stmt"/>
            <line num="90" count="1" type="stmt"/>
            <line complexity="1" visibility="public" signature="testSplit00() : void" num="98" testsuccess="true" count="1" testduration="0.0" type="method"/>
            <line num="100" count="1" type="stmt"/>
            <line num="101" count="1" type="stmt"/>
            <line num="102" count="1" type="stmt"/>
            <line num="103" count="1" type="stmt"/>
            <line complexity="1" visibility="public" signature="testSplit01() : void" num="106" testsuccess="true" count="1" testduration="0.001" type="method"/>
            <line num="108" count="1" type="stmt"/>
            <line num="109" count="1" type="stmt"/>
            <line num="110" count="1" type="stmt"/>
            <line num="111" count="1" type="stmt"/>
            <line num="112" count="1" type="stmt"/>
            <line num="113" count="1" type="stmt"/>
            <line complexity="1" visibility="public" signature="testSum00() : void" num="121" testsuccess="true" count="1" testduration="0.0" type="method"/>
            <line num="123" count="1" type="stmt"/>
            <line num="124" count="1" type="stmt"/>
            <line num="125" count="1" type="stmt"/>
            <line complexity="1" visibility="public" signature="testSum01() : void" num="128" testsuccess="true" count="1" testduration="0.0" type="method"/>
            <line num="130" count="1" type="stmt"/>
            <line num="131" count="1" type="stmt"/>
            <line num="132" count="1" type="stmt"/>
            <line complexity="1" visibility="public" signature="testSum10() : void" num="135" testsuccess="true" count="1" testduration="0.0" type="method"/>
            <line num="137" count="1" type="stmt"/>
            <line num="138" count="1" type="stmt"/>
            <line num="139" count="1" type="stmt"/>
            <line complexity="1" visibility="public" signature="testSum11() : void" num="142" testsuccess="true" count="1" testduration="0.0" type="method"/>
            <line num="144" count="1" type="stmt"/>
            <line num="145" count="1" type="stmt"/>
            <line num="146" count="1" type="stmt"/>
            <line complexity="1" visibility="public" signature="testEquals() : void" num="154" testsuccess="true" count="1" testduration="0.0" type="method"/>
            <line num="156" count="1" type="stmt"/>
            <line num="157" count="1" type="stmt"/>
            <line num="158" count="1" type="stmt"/>
            <line complexity="1" visibility="public" signature="testEquals1() : void" num="161" testsuccess="true" count="1" testduration="0.0" type="method"/>
            <line num="163" count="1" type="stmt"/>
            <line num="164" count="1" type="stmt"/>
            <line num="165" count="1" type="stmt"/>
            <line complexity="1" visibility="public" signature="testHashCode() : void" num="174" testsuccess="true" count="1" testduration="0.0" type="method"/>
            <line num="176" count="1" type="stmt"/>
            <line num="177" count="1" type="stmt"/>
            <line complexity="1" visibility="public" signature="testToString() : void" num="185" testsuccess="true" count="1" testduration="0.0" type="method"/>
            <line num="187" count="1" type="stmt"/>
            <line num="188" count="1" type="stmt"/>
         </file>
         <file path="C:\mooctest\projects\6537\118570\ITClocks\src\test\java\net\mooctest\NonLeafEventTest.java" name="NonLeafEventTest.java">
            <metrics coveredelements="107" coveredconditionals="0" complexity="24" loc="322" coveredmethods="24" methods="24" elements="107" classes="1" ncloc="160" statements="83" conditionals="0" coveredstatements="83"/>
            <class name="NonLeafEventTest">
               <metrics coveredelements="107" complexity="24" methods="24" testruns="24" statements="83" coveredconditionals="0" coveredmethods="24" elements="107" testfailures="0" testduration="0.004" conditionals="0" coveredstatements="83" testpasses="24"/>
            </class>
            <line complexity="1" visibility="public" signature="testGetValue() : void" num="20" testsuccess="true" count="1" testduration="0.0" type="method"/>
            <line num="22" count="1" type="stmt"/>
            <line num="23" count="1" type="stmt"/>
            <line complexity="1" visibility="public" signature="testGetLeft() : void" num="31" testsuccess="true" count="1" testduration="0.0" type="method"/>
            <line num="33" count="1" type="stmt"/>
            <line num="34" count="1" type="stmt"/>
            <line complexity="1" visibility="public" signature="testGetRight() : void" num="42" testsuccess="true" count="1" testduration="0.0" type="method"/>
            <line num="44" count="1" type="stmt"/>
            <line num="45" count="1" type="stmt"/>
            <line complexity="1" visibility="public" signature="testMin() : void" num="53" testsuccess="true" count="1" testduration="0.0" type="method"/>
            <line num="55" count="1" type="stmt"/>
            <line num="56" count="1" type="stmt"/>
            <line num="57" count="1" type="stmt"/>
            <line num="58" count="1" type="stmt"/>
            <line num="59" count="1" type="stmt"/>
            <line num="60" count="1" type="stmt"/>
            <line complexity="1" visibility="public" signature="testMax() : void" num="68" testsuccess="true" count="1" testduration="0.0" type="method"/>
            <line num="70" count="1" type="stmt"/>
            <line num="71" count="1" type="stmt"/>
            <line num="72" count="1" type="stmt"/>
            <line num="73" count="1" type="stmt"/>
            <line num="74" count="1" type="stmt"/>
            <line num="75" count="1" type="stmt"/>
            <line complexity="1" visibility="public" signature="testMaxDepth() : void" num="83" testsuccess="true" count="1" testduration="0.0" type="method"/>
            <line num="85" count="1" type="stmt"/>
            <line num="86" count="1" type="stmt"/>
            <line complexity="1" visibility="public" signature="testIsLeaf() : void" num="94" testsuccess="true" count="1" testduration="0.0" type="method"/>
            <line num="96" count="1" type="stmt"/>
            <line num="97" count="1" type="stmt"/>
            <line complexity="1" visibility="public" signature="testLift() : void" num="105" testsuccess="true" count="1" testduration="0.0" type="method"/>
            <line num="107" count="1" type="stmt"/>
            <line num="108" count="1" type="stmt"/>
            <line num="109" count="1" type="stmt"/>
            <line complexity="1" visibility="public" signature="testSink() : void" num="117" testsuccess="true" count="1" testduration="0.0" type="method"/>
            <line num="119" count="1" type="stmt"/>
            <line num="120" count="1" type="stmt"/>
            <line num="121" count="1" type="stmt"/>
            <line complexity="1" visibility="public" signature="testNormalize() : void" num="129" testsuccess="true" count="1" testduration="0.0" type="method"/>
            <line complexity="1" visibility="public" signature="testEquals() : void" num="140" testsuccess="true" count="1" testduration="0.0" type="method"/>
            <line complexity="1" visibility="public" signature="testHashCode() : void" num="150" testsuccess="true" count="1" testduration="0.0" type="method"/>
            <line num="152" count="1" type="stmt"/>
            <line num="153" count="1" type="stmt"/>
            <line complexity="1" visibility="public" signature="testToString() : void" num="161" testsuccess="true" count="1" testduration="0.0" type="method"/>
            <line num="163" count="1" type="stmt"/>
            <line num="164" count="1" type="stmt"/>
            <line complexity="1" visibility="public" signature="testLiftedLeft() : void" num="175" testsuccess="true" count="1" testduration="0.0" type="method"/>
            <line num="177" count="1" type="stmt"/>
            <line num="178" count="1" type="stmt"/>
            <line complexity="1" visibility="public" signature="testLiftedLeft1() : void" num="181" testsuccess="true" count="1" testduration="0.0" type="method"/>
            <line num="183" count="1" type="stmt"/>
            <line num="184" count="1" type="stmt"/>
            <line complexity="1" visibility="public" signature="testLiftedRight0() : void" num="195" testsuccess="true" count="1" testduration="0.0" type="method"/>
            <line num="197" count="1" type="stmt"/>
            <line num="198" count="1" type="stmt"/>
            <line complexity="1" visibility="public" signature="testLiftedRight1() : void" num="201" testsuccess="true" count="1" testduration="0.0" type="method"/>
            <line num="203" count="1" type="stmt"/>
            <line num="204" count="1" type="stmt"/>
            <line complexity="1" visibility="public" signature="testLeqNonLeafs() : void" num="215" testsuccess="true" count="1" testduration="0.0" type="method"/>
            <line num="217" count="1" type="stmt"/>
            <line num="218" count="1" type="stmt"/>
            <line num="219" count="1" type="stmt"/>
            <line num="220" count="1" type="stmt"/>
            <line num="221" count="1" type="stmt"/>
            <line num="222" count="1" type="stmt"/>
            <line num="223" count="1" type="stmt"/>
            <line complexity="1" visibility="public" signature="testLeqLeaf() : void" num="231" testsuccess="true" count="1" testduration="0.003" type="method"/>
            <line num="233" count="1" type="stmt"/>
            <line num="234" count="1" type="stmt"/>
            <line num="235" count="1" type="stmt"/>
            <line num="236" count="1" type="stmt"/>
            <line num="237" count="1" type="stmt"/>
            <line num="238" count="1" type="stmt"/>
            <line num="239" count="1" type="stmt"/>
            <line complexity="1" visibility="public" signature="testLeq() : void" num="248" testsuccess="true" count="1" testduration="0.0" type="method"/>
            <line num="250" count="1" type="stmt"/>
            <line num="252" count="1" type="stmt"/>
            <line num="253" count="1" type="stmt"/>
            <line num="254" count="1" type="stmt"/>
            <line num="255" count="1" type="stmt"/>
            <line num="256" count="1" type="stmt"/>
            <line num="257" count="1" type="stmt"/>
            <line num="259" count="1" type="stmt"/>
            <line num="260" count="1" type="stmt"/>
            <line num="261" count="1" type="stmt"/>
            <line num="262" count="1" type="stmt"/>
            <line num="263" count="1" type="stmt"/>
            <line num="264" count="1" type="stmt"/>
            <line complexity="1" visibility="public" signature="testJoin() : void" num="273" testsuccess="true" count="1" testduration="0.0" type="method"/>
            <line num="275" count="1" type="stmt"/>
            <line num="277" count="1" type="stmt"/>
            <line num="278" count="1" type="stmt"/>
            <line num="280" count="1" type="stmt"/>
            <line num="281" count="1" type="stmt"/>
            <line complexity="1" visibility="public" signature="testJoinNonLeaf() : void" num="289" testsuccess="true" count="1" testduration="0.0" type="method"/>
            <line num="291" count="1" type="stmt"/>
            <line num="292" count="1" type="stmt"/>
            <line num="293" count="1" type="stmt"/>
            <line num="294" count="1" type="stmt"/>
            <line num="295" count="1" type="stmt"/>
            <line complexity="1" visibility="public" signature="testLeftJoin() : void" num="303" testsuccess="true" count="1" testduration="0.0" type="method"/>
            <line num="305" count="1" type="stmt"/>
            <line num="306" count="1" type="stmt"/>
            <line num="307" count="1" type="stmt"/>
            <line complexity="1" visibility="public" signature="testRightJoin() : void" num="315" testsuccess="true" count="1" testduration="0.001" type="method"/>
            <line num="317" count="1" type="stmt"/>
            <line num="318" count="1" type="stmt"/>
            <line num="319" count="1" type="stmt"/>
         </file>
         <file path="C:\mooctest\projects\6537\118570\ITClocks\src\test\java\net\mooctest\NonLeafIDTest.java" name="NonLeafIDTest.java">
            <metrics coveredelements="111" coveredconditionals="0" complexity="30" loc="291" coveredmethods="30" methods="30" elements="111" classes="1" ncloc="176" statements="81" conditionals="0" coveredstatements="81"/>
            <class name="NonLeafIDTest">
               <metrics coveredelements="111" complexity="30" methods="30" testruns="30" statements="81" coveredconditionals="0" coveredmethods="30" elements="111" testfailures="0" testduration="0.002" conditionals="0" coveredstatements="81" testpasses="30"/>
            </class>
            <line complexity="1" visibility="public" signature="testGetLeft() : void" num="19" testsuccess="true" count="1" testduration="0.0" type="method"/>
            <line num="21" count="1" type="stmt"/>
            <line num="22" count="1" type="stmt"/>
            <line complexity="1" visibility="public" signature="testGetRight() : void" num="30" testsuccess="true" count="1" testduration="0.0" type="method"/>
            <line num="32" count="1" type="stmt"/>
            <line num="33" count="1" type="stmt"/>
            <line complexity="1" visibility="public" signature="testIsOne() : void" num="41" testsuccess="true" count="1" testduration="0.0" type="method"/>
            <line num="43" count="1" type="stmt"/>
            <line num="44" count="1" type="stmt"/>
            <line complexity="1" visibility="public" signature="testIsZero() : void" num="52" testsuccess="true" count="1" testduration="0.0" type="method"/>
            <line num="54" count="1" type="stmt"/>
            <line num="55" count="1" type="stmt"/>
            <line complexity="1" visibility="public" signature="testIsLeaf() : void" num="63" testsuccess="true" count="1" testduration="0.0" type="method"/>
            <line num="65" count="1" type="stmt"/>
            <line num="66" count="1" type="stmt"/>
            <line complexity="1" visibility="public" signature="testNormalize() : void" num="74" testsuccess="true" count="1" testduration="0.0" type="method"/>
            <line num="76" count="1" type="stmt"/>
            <line num="77" count="1" type="stmt"/>
            <line complexity="1" visibility="public" signature="testNormalizeForLeftRight00() : void" num="85" testsuccess="true" count="1" testduration="0.0" type="method"/>
            <line num="87" count="1" type="stmt"/>
            <line complexity="1" visibility="public" signature="testNormalizeForLeftRight01() : void" num="90" testsuccess="true" count="1" testduration="0.0" type="method"/>
            <line num="92" count="1" type="stmt"/>
            <line num="93" count="1" type="stmt"/>
            <line num="94" count="1" type="stmt"/>
            <line complexity="1" visibility="public" signature="testNormalizeForLeftRight10() : void" num="97" testsuccess="true" count="1" testduration="0.0" type="method"/>
            <line num="99" count="1" type="stmt"/>
            <line num="100" count="1" type="stmt"/>
            <line num="101" count="1" type="stmt"/>
            <line complexity="1" visibility="public" signature="testNormalizeForLeftRight11() : void" num="104" testsuccess="true" count="1" testduration="0.0" type="method"/>
            <line num="106" count="1" type="stmt"/>
            <line complexity="1" visibility="public" signature="testSplit() : void" num="114" testsuccess="true" count="1" testduration="0.0" type="method"/>
            <line complexity="1" visibility="public" signature="testSplitWithLeftZero() : void" num="124" testsuccess="true" count="1" testduration="0.0" type="method"/>
            <line num="126" count="1" type="stmt"/>
            <line num="127" count="1" type="stmt"/>
            <line num="128" count="1" type="stmt"/>
            <line num="129" count="1" type="stmt"/>
            <line num="130" count="1" type="stmt"/>
            <line num="131" count="1" type="stmt"/>
            <line complexity="1" visibility="public" signature="testSplitWithRightZero() : void" num="139" testsuccess="true" count="1" testduration="0.0" type="method"/>
            <line num="141" count="1" type="stmt"/>
            <line num="142" count="1" type="stmt"/>
            <line num="143" count="1" type="stmt"/>
            <line num="144" count="1" type="stmt"/>
            <line num="145" count="1" type="stmt"/>
            <line num="146" count="1" type="stmt"/>
            <line complexity="1" visibility="public" signature="testSum01() : void" num="154" testsuccess="true" count="1" testduration="0.0" type="method"/>
            <line num="156" count="1" type="stmt"/>
            <line num="157" count="1" type="stmt"/>
            <line num="158" count="1" type="stmt"/>
            <line complexity="1" visibility="public" signature="testSum02() : void" num="161" testsuccess="true" count="1" testduration="0.0" type="method"/>
            <line num="163" count="1" type="stmt"/>
            <line num="164" count="1" type="stmt"/>
            <line num="165" count="1" type="stmt"/>
            <line complexity="1" visibility="public" signature="testSum03() : void" num="168" testsuccess="true" count="1" testduration="0.0" type="method"/>
            <line num="170" count="1" type="stmt"/>
            <line num="171" count="1" type="stmt"/>
            <line num="172" count="1" type="stmt"/>
            <line complexity="1" visibility="public" signature="testSum04() : void" num="175" testsuccess="true" count="1" testduration="0.0" type="method"/>
            <line num="177" count="1" type="stmt"/>
            <line num="178" count="1" type="stmt"/>
            <line num="179" count="1" type="stmt"/>
            <line complexity="1" visibility="public" signature="testSum05() : void" num="182" testsuccess="true" count="1" testduration="0.0" type="method"/>
            <line num="184" count="1" type="stmt"/>
            <line num="185" count="1" type="stmt"/>
            <line num="186" count="1" type="stmt"/>
            <line complexity="1" visibility="public" signature="testSumNonLeaf00() : void" num="193" testsuccess="true" count="1" testduration="0.0" type="method"/>
            <line num="195" count="1" type="stmt"/>
            <line num="196" count="1" type="stmt"/>
            <line num="197" count="1" type="stmt"/>
            <line complexity="1" visibility="public" signature="testSumNonLeaf001() : void" num="200" testsuccess="true" count="1" testduration="0.0" type="method"/>
            <line num="202" count="1" type="stmt"/>
            <line num="203" count="1" type="stmt"/>
            <line num="204" count="1" type="stmt"/>
            <line complexity="1" visibility="public" signature="testSumNonLeaf002() : void" num="207" testsuccess="true" count="1" testduration="0.0" type="method"/>
            <line num="209" count="1" type="stmt"/>
            <line num="210" count="1" type="stmt"/>
            <line num="211" count="1" type="stmt"/>
            <line complexity="1" visibility="public" signature="testSumNonLeaf003() : void" num="214" testsuccess="true" count="1" testduration="0.0" type="method"/>
            <line num="216" count="1" type="stmt"/>
            <line num="217" count="1" type="stmt"/>
            <line num="218" count="1" type="stmt"/>
            <line complexity="1" visibility="public" signature="testSumNonLeaf01() : void" num="221" testsuccess="true" count="1" testduration="0.0" type="method"/>
            <line num="223" count="1" type="stmt"/>
            <line num="224" count="1" type="stmt"/>
            <line num="225" count="1" type="stmt"/>
            <line complexity="1" visibility="public" signature="testSumNonLeaf10() : void" num="228" testsuccess="true" count="1" testduration="0.001" type="method"/>
            <line num="230" count="1" type="stmt"/>
            <line num="231" count="1" type="stmt"/>
            <line num="232" count="1" type="stmt"/>
            <line complexity="1" visibility="public" signature="testSumNonLeaf11() : void" num="235" testsuccess="true" count="1" testduration="0.0" type="method"/>
            <line num="237" count="1" type="stmt"/>
            <line num="238" count="1" type="stmt"/>
            <line num="239" count="1" type="stmt"/>
            <line complexity="1" visibility="public" signature="testEquals00() : void" num="247" testsuccess="true" count="1" testduration="0.001" type="method"/>
            <line num="249" count="1" type="stmt"/>
            <line num="250" count="1" type="stmt"/>
            <line num="251" count="1" type="stmt"/>
            <line complexity="1" visibility="public" signature="testEquals01() : void" num="254" testsuccess="true" count="1" testduration="0.0" type="method"/>
            <line num="256" count="1" type="stmt"/>
            <line num="257" count="1" type="stmt"/>
            <line num="258" count="1" type="stmt"/>
            <line complexity="1" visibility="public" signature="testEquals02() : void" num="261" testsuccess="true" count="1" testduration="0.0" type="method"/>
            <line num="263" count="1" type="stmt"/>
            <line num="264" count="1" type="stmt"/>
            <line num="265" count="1" type="stmt"/>
            <line complexity="1" visibility="public" signature="testHashCode() : void" num="273" testsuccess="true" count="1" testduration="0.0" type="method"/>
            <line num="275" count="1" type="stmt"/>
            <line num="276" count="1" type="stmt"/>
            <line complexity="1" visibility="public" signature="testToString() : void" num="284" testsuccess="true" count="1" testduration="0.0" type="method"/>
            <line num="286" count="1" type="stmt"/>
            <line num="287" count="1" type="stmt"/>
         </file>
         <file path="C:\mooctest\projects\6537\118570\ITClocks\src\test\java\net\mooctest\StampTest.java" name="StampTest.java">
            <metrics coveredelements="59" coveredconditionals="0" complexity="15" loc="188" coveredmethods="15" methods="15" elements="59" classes="1" ncloc="94" statements="44" conditionals="0" coveredstatements="44"/>
            <class name="StampTest">
               <metrics coveredelements="59" complexity="15" methods="15" testruns="15" statements="44" coveredconditionals="0" coveredmethods="15" elements="59" testfailures="0" testduration="0.013000000000000001" conditionals="0" coveredstatements="44" testpasses="15"/>
            </class>
            <line complexity="1" visibility="public" signature="testGetId() : void" num="22" testsuccess="true" count="1" testduration="0.0" type="method"/>
            <line num="24" count="1" type="stmt"/>
            <line num="25" count="1" type="stmt"/>
            <line num="26" count="1" type="stmt"/>
            <line num="27" count="1" type="stmt"/>
            <line complexity="1" visibility="public" signature="testGetEvent() : void" num="35" testsuccess="true" count="1" testduration="0.0" type="method"/>
            <line num="37" count="1" type="stmt"/>
            <line num="38" count="1" type="stmt"/>
            <line num="39" count="1" type="stmt"/>
            <line num="40" count="1" type="stmt"/>
            <line complexity="1" visibility="public" signature="testFork() : void" num="48" testsuccess="true" count="1" testduration="0.0" type="method"/>
            <line num="50" count="1" type="stmt"/>
            <line num="51" count="1" type="stmt"/>
            <line num="52" count="1" type="stmt"/>
            <line complexity="1" visibility="public" signature="testPeek() : void" num="60" testsuccess="true" count="1" testduration="0.0" type="method"/>
            <line num="62" count="1" type="stmt"/>
            <line num="63" count="1" type="stmt"/>
            <line num="64" count="1" type="stmt"/>
            <line num="65" count="1" type="stmt"/>
            <line complexity="1" visibility="public" signature="testJoin() : void" num="73" testsuccess="true" count="1" testduration="0.0" type="method"/>
            <line num="75" count="1" type="stmt"/>
            <line num="76" count="1" type="stmt"/>
            <line num="77" count="1" type="stmt"/>
            <line complexity="1" visibility="public" signature="testJoin1() : void" num="80" testsuccess="true" count="1" testduration="0.0" type="method"/>
            <line num="82" count="1" type="stmt"/>
            <line num="83" count="1" type="stmt"/>
            <line num="84" count="1" type="stmt"/>
            <line complexity="1" visibility="public" signature="testEvent() : void" num="92" testsuccess="true" count="1" testduration="0.012" type="method"/>
            <line num="94" count="1" type="stmt"/>
            <line num="95" count="1" type="stmt"/>
            <line complexity="1" visibility="public" signature="testEvent1() : void" num="98" testsuccess="true" count="1" testduration="0.0" type="method"/>
            <line num="100" count="1" type="stmt"/>
            <line num="101" count="1" type="stmt"/>
            <line num="102" count="1" type="stmt"/>
            <line num="103" count="1" type="stmt"/>
            <line num="104" count="1" type="stmt"/>
            <line num="105" count="1" type="stmt"/>
            <line num="106" count="1" type="stmt"/>
            <line complexity="1" visibility="public" signature="testToString() : void" num="114" testsuccess="true" count="1" testduration="0.001" type="method"/>
            <line num="116" count="1" type="stmt"/>
            <line num="117" count="1" type="stmt"/>
            <line complexity="1" visibility="public" signature="testEquals() : void" num="125" testsuccess="true" count="1" testduration="0.0" type="method"/>
            <line num="127" count="1" type="stmt"/>
            <line num="128" count="1" type="stmt"/>
            <line complexity="1" visibility="public" signature="testHashCode() : void" num="136" testsuccess="true" count="1" testduration="0.0" type="method"/>
            <line num="138" count="1" type="stmt"/>
            <line num="139" count="1" type="stmt"/>
            <line complexity="1" visibility="public" signature="testSend() : void" num="147" testsuccess="true" count="1" testduration="0.0" type="method"/>
            <line num="149" count="1" type="stmt"/>
            <line num="150" count="1" type="stmt"/>
            <line complexity="1" visibility="public" signature="testReceive() : void" num="158" testsuccess="true" count="1" testduration="0.0" type="method"/>
            <line num="160" count="1" type="stmt"/>
            <line num="161" count="1" type="stmt"/>
            <line num="162" count="1" type="stmt"/>
            <line complexity="1" visibility="public" signature="testSync() : void" num="170" testsuccess="true" count="1" testduration="0.0" type="method"/>
            <line num="172" count="1" type="stmt"/>
            <line num="173" count="1" type="stmt"/>
            <line num="174" count="1" type="stmt"/>
            <line complexity="1" visibility="public" signature="testLeq() : void" num="182" testsuccess="true" count="1" testduration="0.0" type="method"/>
         </file>
      </package>
   </testproject>
</coverage>