<?xml version="1.0" encoding="UTF-8"?>
<coverage generated="1654314762333" clover="4.4.1">
   <project name="Jipa 0.0.1-SNAPSHOT" timestamp="1654314760163">
      <metrics coveredelements="350" complexity="104" loc="605" methods="26" classes="4" statements="243" packages="1" coveredconditionals="85" coveredmethods="26" elements="359" ncloc="385" files="3" conditionals="90" coveredstatements="239"/>
      <package name="net.mooctest">
         <metrics coveredelements="350" complexity="104" loc="605" methods="26" classes="4" statements="243" coveredconditionals="85" coveredmethods="26" elements="359" ncloc="385" files="3" conditionals="90" coveredstatements="239"/>
         <file path="C:\mooctest\projects\6537\118570\Jipa\src\main\java\net\mooctest\Jipa.java" name="Jipa.java">
            <metrics coveredelements="262" coveredconditionals="57" complexity="76" loc="439" coveredmethods="12" methods="12" elements="271" classes="2" ncloc="288" statements="197" conditionals="62" coveredstatements="193"/>
            <class name="Jipa">
               <metrics coveredelements="258" coveredconditionals="57" complexity="74" coveredmethods="11" methods="11" elements="267" statements="194" conditionals="62" coveredstatements="190"/>
            </class>
            <class name="Jipa.opcodes">
               <metrics coveredelements="4" coveredconditionals="0" complexity="2" coveredmethods="1" methods="1" elements="4" statements="3" conditionals="0" coveredstatements="3"/>
            </class>
            <line complexity="2" visibility="public" signature="toOpcode(String) : opcodes" num="35" count="55" type="method"/>
            <line num="37" count="55" type="stmt"/>
            <line num="38" count="55" type="stmt"/>
            <line num="40" count="1" type="stmt"/>
            <line complexity="41" visibility="public" signature="processInstruction(String) : void" num="45" count="55" type="method"/>
            <line num="52" count="55" type="stmt"/>
            <line num="53" count="55" type="stmt"/>
            <line num="54" count="55" type="stmt"/>
            <line num="58" count="55" type="stmt"/>
            <line falsecount="1" truecount="54" num="58" type="cond"/>
            <line num="60" count="54" type="stmt"/>
            <line num="67" count="54" type="stmt"/>
            <line num="72" count="1" type="stmt"/>
            <line num="73" count="1" type="stmt"/>
            <line num="76" count="55" type="stmt"/>
            <line num="78" count="0" type="stmt"/>
            <line num="79" count="0" type="stmt"/>
            <line num="80" count="0" type="stmt"/>
            <line num="83" count="5" type="stmt"/>
            <line num="84" count="5" type="stmt"/>
            <line num="85" count="5" type="stmt"/>
            <line num="89" count="2" type="stmt"/>
            <line num="90" count="2" type="stmt"/>
            <line num="91" count="2" type="stmt"/>
            <line num="94" count="3" type="stmt"/>
            <line num="95" count="3" type="stmt"/>
            <line num="96" count="3" type="stmt"/>
            <line num="97" count="3" type="stmt"/>
            <line num="100" count="1" type="stmt"/>
            <line num="101" count="1" type="stmt"/>
            <line num="102" count="1" type="stmt"/>
            <line num="105" count="2" type="stmt"/>
            <line num="106" count="2" type="stmt"/>
            <line num="107" count="2" type="stmt"/>
            <line num="110" count="4" type="stmt"/>
            <line num="111" count="4" type="stmt"/>
            <line num="112" count="4" type="stmt"/>
            <line num="116" count="1" type="stmt"/>
            <line num="118" count="1" type="stmt"/>
            <line num="120" count="1" type="stmt"/>
            <line falsecount="1" truecount="99" num="120" type="cond"/>
            <line num="121" count="99" type="stmt"/>
            <line num="123" count="1" type="stmt"/>
            <line num="126" count="5" type="stmt"/>
            <line num="127" count="5" type="stmt"/>
            <line num="128" count="5" type="stmt"/>
            <line num="131" count="1" type="stmt"/>
            <line num="132" count="1" type="stmt"/>
            <line num="133" count="1" type="stmt"/>
            <line num="136" count="1" type="stmt"/>
            <line num="137" count="1" type="stmt"/>
            <line num="138" count="1" type="stmt"/>
            <line num="141" count="1" type="stmt"/>
            <line num="142" count="1" type="stmt"/>
            <line num="143" count="1" type="stmt"/>
            <line num="146" count="1" type="stmt"/>
            <line num="147" count="1" type="stmt"/>
            <line num="148" count="1" type="stmt"/>
            <line num="151" count="1" type="stmt"/>
            <line num="152" count="1" type="stmt"/>
            <line num="153" count="1" type="stmt"/>
            <line num="156" count="1" type="stmt"/>
            <line num="157" count="1" type="stmt"/>
            <line num="158" count="1" type="stmt"/>
            <line num="161" count="1" type="stmt"/>
            <line num="162" count="1" type="stmt"/>
            <line num="163" count="1" type="stmt"/>
            <line num="166" count="1" type="stmt"/>
            <line num="168" count="1" type="stmt"/>
            <line num="169" count="1" type="stmt"/>
            <line num="172" count="1" type="stmt"/>
            <line num="173" count="1" type="stmt"/>
            <line num="174" count="1" type="stmt"/>
            <line num="177" count="1" type="stmt"/>
            <line num="178" count="1" type="stmt"/>
            <line num="179" count="1" type="stmt"/>
            <line num="182" count="3" type="stmt"/>
            <line num="183" count="3" type="stmt"/>
            <line num="184" count="3" type="stmt"/>
            <line num="187" count="2" type="stmt"/>
            <line num="188" count="2" type="stmt"/>
            <line falsecount="1" truecount="1" num="188" type="cond"/>
            <line num="189" count="1" type="stmt"/>
            <line num="190" count="2" type="stmt"/>
            <line num="193" count="2" type="stmt"/>
            <line num="194" count="2" type="stmt"/>
            <line falsecount="1" truecount="1" num="194" type="cond"/>
            <line num="195" count="1" type="stmt"/>
            <line num="196" count="2" type="stmt"/>
            <line num="199" count="2" type="stmt"/>
            <line num="200" count="2" type="stmt"/>
            <line falsecount="1" truecount="1" num="200" type="cond"/>
            <line num="201" count="1" type="stmt"/>
            <line num="202" count="2" type="stmt"/>
            <line num="205" count="2" type="stmt"/>
            <line num="206" count="2" type="stmt"/>
            <line falsecount="1" truecount="1" num="206" type="cond"/>
            <line num="207" count="1" type="stmt"/>
            <line num="208" count="2" type="stmt"/>
            <line num="211" count="2" type="stmt"/>
            <line num="212" count="2" type="stmt"/>
            <line falsecount="1" truecount="1" num="212" type="cond"/>
            <line num="213" count="1" type="stmt"/>
            <line num="214" count="2" type="stmt"/>
            <line num="217" count="2" type="stmt"/>
            <line num="218" count="2" type="stmt"/>
            <line falsecount="1" truecount="1" num="218" type="cond"/>
            <line num="219" count="1" type="stmt"/>
            <line num="220" count="2" type="stmt"/>
            <line num="223" count="2" type="stmt"/>
            <line num="224" count="2" type="stmt"/>
            <line falsecount="1" truecount="1" num="224" type="cond"/>
            <line num="225" count="1" type="stmt"/>
            <line num="226" count="2" type="stmt"/>
            <line num="229" count="2" type="stmt"/>
            <line num="230" count="2" type="stmt"/>
            <line falsecount="1" truecount="1" num="230" type="cond"/>
            <line num="231" count="1" type="stmt"/>
            <line num="232" count="2" type="stmt"/>
            <line num="235" count="2" type="stmt"/>
            <line num="236" count="2" type="stmt"/>
            <line falsecount="1" truecount="1" num="236" type="cond"/>
            <line num="237" count="1" type="stmt"/>
            <line num="239" count="1" type="stmt"/>
            <line num="240" count="2" type="stmt"/>
            <line num="244" count="55" type="stmt"/>
            <line num="245" count="55" type="stmt"/>
            <line complexity="1" visibility="public" signature="getFileName() : String" num="250" count="1" type="method"/>
            <line num="252" count="1" type="stmt"/>
            <line num="253" count="1" type="stmt"/>
            <line num="254" count="1" type="stmt"/>
            <line complexity="6" visibility="public" signature="loadInstructions(String) : boolean" num="257" count="3" type="method"/>
            <line num="259" count="3" type="stmt"/>
            <line num="260" count="3" type="stmt"/>
            <line num="263" count="3" type="stmt"/>
            <line num="266" count="3" type="stmt"/>
            <line falsecount="2" truecount="1" num="266" type="cond"/>
            <line num="267" count="1" type="stmt"/>
            <line num="270" count="3" type="stmt"/>
            <line falsecount="3" truecount="0" num="270" type="cond"/>
            <line num="271" count="0" type="stmt"/>
            <line num="273" count="3" type="stmt"/>
            <line num="275" count="3" type="stmt"/>
            <line num="276" count="2" type="stmt"/>
            <line num="279" count="2" type="stmt"/>
            <line num="280" count="2" type="stmt"/>
            <line falsecount="0" truecount="0" num="280" type="cond"/>
            <line num="281" count="2" type="stmt"/>
            <line num="282" count="2" type="stmt"/>
            <line num="283" count="2" type="stmt"/>
            <line num="286" count="2" type="stmt"/>
            <line falsecount="0" truecount="0" num="286" type="cond"/>
            <line num="289" count="8" type="stmt"/>
            <line num="292" count="8" type="stmt"/>
            <line num="293" count="8" type="stmt"/>
            <line num="297" count="2" type="stmt"/>
            <line num="300" count="1" type="stmt"/>
            <line num="303" count="1" type="stmt"/>
            <line num="306" count="2" type="stmt"/>
            <line complexity="3" visibility="public" signature="removeComment(String) : String" num="309" count="8" type="method"/>
            <line num="311" count="8" type="stmt"/>
            <line falsecount="6" truecount="2" num="311" type="cond"/>
            <line num="312" count="2" type="stmt"/>
            <line num="315" count="6" type="stmt"/>
            <line falsecount="4" truecount="2" num="315" type="cond"/>
            <line num="316" count="2" type="stmt"/>
            <line num="318" count="4" type="stmt"/>
            <line complexity="2" visibility="public" signature="resetInstructions() : void" num="321" count="3" type="method"/>
            <line num="323" count="3" type="stmt"/>
            <line falsecount="3" truecount="8" num="323" type="cond"/>
            <line num="324" count="8" type="stmt"/>
            <line complexity="6" visibility="public" signature="splitArguments(String) : String[]" num="327" count="54" type="method"/>
            <line num="329" count="54" type="stmt"/>
            <line num="330" count="54" type="stmt"/>
            <line num="331" count="54" type="stmt"/>
            <line num="332" count="54" type="stmt"/>
            <line num="335" count="54" type="stmt"/>
            <line falsecount="41" truecount="13" num="335" type="cond"/>
            <line num="336" count="13" type="stmt"/>
            <line num="337" count="13" type="stmt"/>
            <line num="338" count="13" type="stmt"/>
            <line num="342" count="41" type="stmt"/>
            <line falsecount="41" truecount="331" num="342" type="cond"/>
            <line num="345" count="331" type="stmt"/>
            <line falsecount="326" truecount="5" num="345" type="cond"/>
            <line num="347" count="5" type="stmt"/>
            <line num="348" count="326" type="stmt"/>
            <line falsecount="272" truecount="54" num="348" type="cond"/>
            <line num="350" count="54" type="stmt"/>
            <line num="351" count="54" type="stmt"/>
            <line num="356" count="41" type="stmt"/>
            <line num="359" count="41" type="stmt"/>
            <line num="361" count="41" type="stmt"/>
            <line complexity="2" visibility="public" signature="getValue(String) : int" num="365" count="50" type="method"/>
            <line num="367" count="50" type="stmt"/>
            <line falsecount="48" truecount="2" num="367" type="cond"/>
            <line num="369" count="2" type="stmt"/>
            <line num="371" count="48" type="stmt"/>
            <line complexity="2" visibility="public" signature="getJumpValue(String) : int" num="375" count="11" type="method"/>
            <line num="377" count="11" type="stmt"/>
            <line falsecount="3" truecount="8" num="377" type="cond"/>
            <line num="378" count="8" type="stmt"/>
            <line num="380" count="3" type="stmt"/>
            <line complexity="2" visibility="public" signature="readValue() : int" num="384" count="2" type="method"/>
            <line num="386" count="2" type="stmt"/>
            <line num="387" count="2" type="stmt"/>
            <line num="388" count="2" type="stmt"/>
            <line falsecount="1" truecount="1" num="388" type="cond"/>
            <line num="389" count="1" type="stmt"/>
            <line num="391" count="1" type="stmt"/>
            <line complexity="7" visibility="public" signature="getStringValue(String) : String" num="394" count="5" type="method"/>
            <line num="396" count="5" type="stmt"/>
            <line num="397" count="5" type="stmt"/>
            <line num="398" count="5" type="stmt"/>
            <line num="401" count="5" type="stmt"/>
            <line falsecount="4" truecount="1" num="401" type="cond"/>
            <line num="402" count="1" type="stmt"/>
            <line num="405" count="4" type="stmt"/>
            <line falsecount="4" truecount="22" num="405" type="cond"/>
            <line num="407" count="22" type="stmt"/>
            <line falsecount="16" truecount="6" num="407" type="cond"/>
            <line num="408" count="6" type="stmt"/>
            <line falsecount="4" truecount="2" num="408" type="cond"/>
            <line num="410" count="2" type="stmt"/>
            <line num="411" count="2" type="stmt"/>
            <line num="412" count="2" type="stmt"/>
            <line num="414" count="4" type="stmt"/>
            <line num="415" count="4" type="stmt"/>
            <line falsecount="1" truecount="3" num="415" type="cond"/>
            <line num="416" count="3" type="stmt"/>
            <line num="417" count="4" type="stmt"/>
            <line num="423" count="4" type="stmt"/>
            <line falsecount="2" truecount="2" num="423" type="cond"/>
            <line num="424" count="2" type="stmt"/>
            <line num="426" count="4" type="stmt"/>
            <line complexity="2" visibility="public" signature="isNumeric(String) : boolean" num="429" count="63" type="method"/>
            <line num="431" count="63" type="stmt"/>
            <line num="432" count="63" type="stmt"/>
            <line num="433" count="57" type="stmt"/>
            <line num="435" count="6" type="stmt"/>
         </file>
         <file path="C:\mooctest\projects\6537\118570\Jipa\src\main\java\net\mooctest\Label.java" name="Label.java">
            <metrics coveredelements="26" coveredconditionals="8" complexity="9" loc="56" coveredmethods="5" methods="5" elements="26" classes="1" ncloc="33" statements="13" conditionals="8" coveredstatements="13"/>
            <class name="Label">
               <metrics coveredelements="26" coveredconditionals="8" complexity="9" coveredmethods="5" methods="5" elements="26" statements="13" conditionals="8" coveredstatements="13"/>
            </class>
            <line complexity="1" visibility="public" signature="Label(int,String)" num="22" count="3" type="method"/>
            <line num="24" count="3" type="stmt"/>
            <line num="25" count="3" type="stmt"/>
            <line complexity="1" visibility="public" signature="getName() : String" num="28" count="4" type="method"/>
            <line num="28" count="4" type="stmt"/>
            <line complexity="1" visibility="public" signature="getLine() : int" num="29" count="2" type="method"/>
            <line num="29" count="2" type="stmt"/>
            <line complexity="3" visibility="public" signature="findLabel(String) : int" num="31" count="4" type="method"/>
            <line num="34" count="4" type="stmt"/>
            <line num="35" count="4" type="stmt"/>
            <line falsecount="3" truecount="3" num="35" type="cond"/>
            <line num="37" count="3" type="stmt"/>
            <line num="38" count="3" type="stmt"/>
            <line falsecount="2" truecount="1" num="38" type="cond"/>
            <line num="39" count="1" type="stmt"/>
            <line num="42" count="3" type="stmt"/>
            <line complexity="3" visibility="public" signature="buildLabelList() : void" num="46" count="2" type="method"/>
            <line num="49" count="2" type="stmt"/>
            <line falsecount="2" truecount="8" num="49" type="cond"/>
            <line num="51" count="8" type="stmt"/>
            <line falsecount="6" truecount="2" num="51" type="cond"/>
            <line num="52" count="2" type="stmt"/>
         </file>
         <file path="C:\mooctest\projects\6537\118570\Jipa\src\main\java\net\mooctest\Variable.java" name="Variable.java">
            <metrics coveredelements="62" coveredconditionals="20" complexity="19" loc="110" coveredmethods="9" methods="9" elements="62" classes="1" ncloc="64" statements="33" conditionals="20" coveredstatements="33"/>
            <class name="Variable">
               <metrics coveredelements="62" coveredconditionals="20" complexity="19" coveredmethods="9" methods="9" elements="62" statements="33" conditionals="20" coveredstatements="33"/>
            </class>
            <line complexity="1" visibility="package" signature="Variable(String)" num="28" count="103" type="method"/>
            <line num="30" count="103" type="stmt"/>
            <line num="31" count="103" type="stmt"/>
            <line complexity="1" visibility="package" signature="getValue() : int" num="34" count="9" type="method"/>
            <line num="34" count="9" type="stmt"/>
            <line complexity="1" visibility="package" signature="setValue(int) : void" num="36" count="9" type="method"/>
            <line num="37" count="9" type="stmt"/>
            <line complexity="1" visibility="package" signature="getName() : String" num="40" count="6271" type="method"/>
            <line num="40" count="6271" type="stmt"/>
            <line complexity="2" visibility="public" signature="addVariable(String) : boolean" num="42" count="105" type="method"/>
            <line num="43" count="105" type="stmt"/>
            <line falsecount="2" truecount="103" num="43" type="cond"/>
            <line num="45" count="103" type="stmt"/>
            <line num="46" count="103" type="stmt"/>
            <line num="49" count="2" type="stmt"/>
            <line complexity="2" visibility="public" signature="removeVariable(String) : void" num="52" count="4" type="method"/>
            <line num="53" count="4" type="stmt"/>
            <line num="54" count="4" type="stmt"/>
            <line falsecount="3" truecount="1" num="54" type="cond"/>
            <line num="55" count="1" type="stmt"/>
            <line complexity="3" visibility="public" signature="getVariableValue(String) : int" num="59" count="16" type="method"/>
            <line num="62" count="16" type="stmt"/>
            <line falsecount="15" truecount="1" num="62" type="cond"/>
            <line num="63" count="1" type="stmt"/>
            <line num="66" count="15" type="stmt"/>
            <line num="68" count="15" type="stmt"/>
            <line falsecount="7" truecount="8" num="68" type="cond"/>
            <line num="69" count="8" type="stmt"/>
            <line num="71" count="7" type="stmt"/>
            <line complexity="2" visibility="public" signature="setVariableValue(String,int) : void" num="75" count="23" type="method"/>
            <line num="77" count="23" type="stmt"/>
            <line num="79" count="23" type="stmt"/>
            <line falsecount="14" truecount="9" num="79" type="cond"/>
            <line num="80" count="9" type="stmt"/>
            <line complexity="6" visibility="package" signature="findVariable(String) : int" num="85" count="148" type="method"/>
            <line num="87" count="148" type="stmt"/>
            <line num="88" count="148" type="stmt"/>
            <line num="91" count="148" type="stmt"/>
            <line falsecount="145" truecount="3" num="91" type="cond"/>
            <line num="92" count="148" type="stmt"/>
            <line falsecount="145" truecount="3" num="92" type="cond"/>
            <line num="93" count="3" type="stmt"/>
            <line num="95" count="148" type="stmt"/>
            <line falsecount="128" truecount="6271" num="95" type="cond"/>
            <line num="97" count="6271" type="stmt"/>
            <line num="98" count="6271" type="stmt"/>
            <line falsecount="6251" truecount="20" num="98" type="cond"/>
            <line num="100" count="20" type="stmt"/>
            <line falsecount="1" truecount="19" num="100" type="cond"/>
            <line num="101" count="19" type="stmt"/>
            <line num="103" count="1" type="stmt"/>
            <line num="107" count="128" type="stmt"/>
         </file>
      </package>
   </project>
   <testproject name="Jipa 0.0.1-SNAPSHOT" timestamp="1654314760163">
      <metrics coveredelements="80" complexity="2" loc="122" methods="1" classes="1" statements="80" packages="1" coveredconditionals="0" coveredmethods="1" elements="81" ncloc="99" files="1" conditionals="0" coveredstatements="79"/>
      <package name="net.mooctest">
         <metrics coveredelements="80" complexity="2" loc="122" methods="1" classes="1" statements="80" coveredconditionals="0" coveredmethods="1" elements="81" ncloc="99" files="1" conditionals="0" coveredstatements="79"/>
         <file path="C:\mooctest\projects\6537\118570\Jipa\src\test\java\net\mooctest\JipaTest.java" name="JipaTest.java">
            <metrics coveredelements="80" coveredconditionals="0" complexity="2" loc="122" coveredmethods="1" methods="1" elements="81" classes="1" ncloc="99" statements="80" conditionals="0" coveredstatements="79"/>
            <class name="JipaTest">
               <metrics coveredelements="80" complexity="2" methods="1" testruns="1" statements="80" coveredconditionals="0" coveredmethods="1" elements="81" testfailures="0" testduration="0.066" conditionals="0" coveredstatements="79" testpasses="1"/>
            </class>
            <line complexity="2" visibility="public" signature="test() : void" num="21" testsuccess="true" count="1" testduration="0.066" type="method"/>
            <line num="23" count="1" type="stmt"/>
            <line num="24" count="1" type="stmt"/>
            <line num="25" count="1" type="stmt"/>
            <line num="26" count="1" type="stmt"/>
            <line num="27" count="1" type="stmt"/>
            <line num="28" count="1" type="stmt"/>
            <line num="29" count="1" type="stmt"/>
            <line num="30" count="1" type="stmt"/>
            <line num="31" count="1" type="stmt"/>
            <line num="32" count="1" type="stmt"/>
            <line num="33" count="1" type="stmt"/>
            <line num="34" count="1" type="stmt"/>
            <line num="35" count="1" type="stmt"/>
            <line num="36" count="1" type="stmt"/>
            <line num="37" count="1" type="stmt"/>
            <line num="38" count="1" type="stmt"/>
            <line num="39" count="1" type="stmt"/>
            <line num="40" count="1" type="stmt"/>
            <line num="42" count="1" type="stmt"/>
            <line num="43" count="1" type="stmt"/>
            <line num="44" count="1" type="stmt"/>
            <line num="45" count="1" type="stmt"/>
            <line num="46" count="1" type="stmt"/>
            <line num="47" count="1" type="stmt"/>
            <line num="48" count="1" type="stmt"/>
            <line num="49" count="1" type="stmt"/>
            <line num="50" count="1" type="stmt"/>
            <line num="51" count="1" type="stmt"/>
            <line num="52" count="1" type="stmt"/>
            <line num="54" count="1" type="stmt"/>
            <line num="55" count="1" type="stmt"/>
            <line num="56" count="1" type="stmt"/>
            <line num="57" count="1" type="stmt"/>
            <line num="58" count="1" type="stmt"/>
            <line num="59" count="1" type="stmt"/>
            <line num="60" count="1" type="stmt"/>
            <line num="61" count="1" type="stmt"/>
            <line num="62" count="1" type="stmt"/>
            <line num="63" count="1" type="stmt"/>
            <line num="64" count="1" type="stmt"/>
            <line num="65" count="1" type="stmt"/>
            <line num="66" count="1" type="stmt"/>
            <line num="67" count="1" type="stmt"/>
            <line num="68" count="1" type="stmt"/>
            <line num="69" count="1" type="stmt"/>
            <line num="70" count="1" type="stmt"/>
            <line num="71" count="1" type="stmt"/>
            <line num="72" count="1" type="stmt"/>
            <line num="73" count="1" type="stmt"/>
            <line num="74" count="1" type="stmt"/>
            <line num="75" count="1" type="stmt"/>
            <line num="76" count="1" type="stmt"/>
            <line num="78" count="1" type="stmt"/>
            <line num="79" count="1" type="stmt"/>
            <line num="80" count="1" type="stmt"/>
            <line num="81" count="1" type="stmt"/>
            <line num="82" count="1" type="stmt"/>
            <line num="84" count="1" type="stmt"/>
            <line num="85" count="1" type="stmt"/>
            <line num="86" count="1" type="stmt"/>
            <line num="87" count="1" type="stmt"/>
            <line num="88" count="1" type="stmt"/>
            <line num="89" count="1" type="stmt"/>
            <line num="90" count="1" type="stmt"/>
            <line num="91" count="1" type="stmt"/>
            <line num="92" count="1" type="stmt"/>
            <line num="93" count="1" type="stmt"/>
            <line num="94" count="1" type="stmt"/>
            <line num="95" count="1" type="stmt"/>
            <line num="96" count="1" type="stmt"/>
            <line num="98" count="1" type="stmt"/>
            <line num="99" count="1" type="stmt"/>
            <line num="100" count="1" type="stmt"/>
            <line num="101" count="1" type="stmt"/>
            <line num="102" count="1" type="stmt"/>
            <line num="103" count="1" type="stmt"/>
            <line num="104" count="1" type="stmt"/>
            <line num="105" count="1" type="stmt"/>
            <line num="106" count="1" type="stmt"/>
            <line num="111" count="0" type="stmt"/>
         </file>
      </package>
   </testproject>
</coverage>