<?xml version="1.0" encoding="UTF-8" ?>
<testsuite tests="62" failures="0" name="net.mooctest.OSTTest" time="0.523" errors="0" skipped="0">
  <properties>
[...]
</properties>
  <testcase classname="net.mooctest.OSTTest" name="test00" time="0.409"/>
  <testcase classname="net.mooctest.OSTTest" name="test01" time="0.001"/>
  <testcase classname="net.mooctest.OSTTest" name="test02" time="0.002"/>
  <testcase classname="net.mooctest.OSTTest" name="test03" time="0.002"/>
  <testcase classname="net.mooctest.OSTTest" name="test04" time="0.012"/>
  <testcase classname="net.mooctest.OSTTest" name="test05" time="0.003"/>
  <testcase classname="net.mooctest.OSTTest" name="test06" time="0.001"/>
  <testcase classname="net.mooctest.OSTTest" name="test07" time="0.002"/>
  <testcase classname="net.mooctest.OSTTest" name="test08" time="0.002"/>
  <testcase classname="net.mooctest.OSTTest" name="test09" time="0.001"/>
  <testcase classname="net.mooctest.OSTTest" name="test10" time="0.002"/>
  <testcase classname="net.mooctest.OSTTest" name="test11" time="0.001"/>
  <testcase classname="net.mooctest.OSTTest" name="test12" time="0.001"/>
  <testcase classname="net.mooctest.OSTTest" name="test13" time="0.002"/>
  <testcase classname="net.mooctest.OSTTest" name="test14" time="0.001"/>
  <testcase classname="net.mooctest.OSTTest" name="test15" time="0.001"/>
  <testcase classname="net.mooctest.OSTTest" name="test16" time="0.002"/>
  <testcase classname="net.mooctest.OSTTest" name="test17" time="0.002"/>
  <testcase classname="net.mooctest.OSTTest" name="test18" time="0.002"/>
  <testcase classname="net.mooctest.OSTTest" name="test19" time="0.001"/>
  <testcase classname="net.mooctest.OSTTest" name="test20" time="0.002"/>
  <testcase classname="net.mooctest.OSTTest" name="test21" time="0.007"/>
  <testcase classname="net.mooctest.OSTTest" name="test22" time="0.002"/>
  <testcase classname="net.mooctest.OSTTest" name="test23" time="0.002"/>
  <testcase classname="net.mooctest.OSTTest" name="test24" time="0.002"/>
  <testcase classname="net.mooctest.OSTTest" name="test25" time="0.001"/>
  <testcase classname="net.mooctest.OSTTest" name="test26" time="0.001"/>
  <testcase classname="net.mooctest.OSTTest" name="test27" time="0.001"/>
  <testcase classname="net.mooctest.OSTTest" name="test28" time="0.001"/>
  <testcase classname="net.mooctest.OSTTest" name="test29" time="0.001"/>
  <testcase classname="net.mooctest.OSTTest" name="test30" time="0.002"/>
  <testcase classname="net.mooctest.OSTTest" name="test31" time="0.003"/>
  <testcase classname="net.mooctest.OSTTest" name="test32" time="0.002"/>
  <testcase classname="net.mooctest.OSTTest" name="test33" time="0.001"/>
  <testcase classname="net.mooctest.OSTTest" name="test34" time="0.001"/>
  <testcase classname="net.mooctest.OSTTest" name="test35" time="0.002"/>
  <testcase classname="net.mooctest.OSTTest" name="test36" time="0.001"/>
  <testcase classname="net.mooctest.OSTTest" name="test37" time="0.002"/>
  <testcase classname="net.mooctest.OSTTest" name="test38" time="0.001"/>
  <testcase classname="net.mooctest.OSTTest" name="test39" time="0.002"/>
  <testcase classname="net.mooctest.OSTTest" name="test40" time="0.001"/>
  <testcase classname="net.mooctest.OSTTest" name="test41" time="0.001"/>
  <testcase classname="net.mooctest.OSTTest" name="test42" time="0.002"/>
  <testcase classname="net.mooctest.OSTTest" name="test43" time="0.002"/>
  <testcase classname="net.mooctest.OSTTest" name="test44" time="0.001"/>
  <testcase classname="net.mooctest.OSTTest" name="test45" time="0.002"/>
  <testcase classname="net.mooctest.OSTTest" name="test46" time="0.001"/>
  <testcase classname="net.mooctest.OSTTest" name="test47" time="0.002"/>
  <testcase classname="net.mooctest.OSTTest" name="test48" time="0.001"/>
  <testcase classname="net.mooctest.OSTTest" name="test49" time="0.002"/>
  <testcase classname="net.mooctest.OSTTest" name="test50" time="0.003"/>
  <testcase classname="net.mooctest.OSTTest" name="test51" time="0.002"/>
  <testcase classname="net.mooctest.OSTTest" name="test52" time="0.002"/>
  <testcase classname="net.mooctest.OSTTest" name="test53" time="0.001"/>
  <testcase classname="net.mooctest.OSTTest" name="test54" time="0.001"/>
  <testcase classname="net.mooctest.OSTTest" name="test55" time="0.002"/>
  <testcase classname="net.mooctest.OSTTest" name="test56" time="0.002"/>
  <testcase classname="net.mooctest.OSTTest" name="test57" time="0.001"/>
  <testcase classname="net.mooctest.OSTTest" name="test58" time="0.002"/>
  <testcase classname="net.mooctest.OSTTest" name="test59" time="0.002"/>
  <testcase classname="net.mooctest.OSTTest" name="test60" time="0.001"/>
  <testcase classname="net.mooctest.OSTTest" name="test61" time="0.002"/>
</testsuite>