<?xml version="1.0" encoding="UTF-8"?>
<coverage generated="1654593463619" clover="4.4.1">
   <project name="ALU 0.0.1-SNAPSHOT" timestamp="1654593461073">
      <metrics coveredelements="338" complexity="88" loc="526" methods="18" classes="1" statements="221" packages="1" coveredconditionals="114" coveredmethods="18" elements="369" ncloc="350" files="1" conditionals="130" coveredstatements="206"/>
      <package name="net.mooctest">
         <metrics coveredelements="338" complexity="88" loc="526" methods="18" classes="1" statements="221" coveredconditionals="114" coveredmethods="18" elements="369" ncloc="350" files="1" conditionals="130" coveredstatements="206"/>
         <file path="C:\mooctest\projects\6580\118570\ALU\src\main\java\net\mooctest\ALU.java" name="ALU.java">
            <metrics coveredelements="338" coveredconditionals="114" complexity="88" loc="526" coveredmethods="18" methods="18" elements="369" classes="1" ncloc="350" statements="221" conditionals="130" coveredstatements="206"/>
            <class name="ALU">
               <metrics coveredelements="338" coveredconditionals="114" complexity="88" coveredmethods="18" methods="18" elements="369" statements="221" conditionals="130" coveredstatements="206"/>
            </class>
            <line complexity="6" visibility="public" signature="integerRepresentation(String,int) : String" num="13" count="30" type="method"/>
            <line num="14" count="30" type="stmt"/>
            <line num="15" count="30" type="stmt"/>
            <line num="16" count="30" type="stmt"/>
            <line num="17" count="30" type="stmt"/>
            <line falsecount="21" truecount="6" num="17" type="cond"/>
            <line num="18" count="6" type="stmt"/>
            <line num="19" count="6" type="stmt"/>
            <line num="21" count="21" type="stmt"/>
            <line num="22" count="21" type="stmt"/>
            <line num="25" count="27" type="stmt"/>
            <line num="26" count="23" type="stmt"/>
            <line falsecount="23" truecount="254" num="26" type="cond"/>
            <line num="27" count="254" type="stmt"/>
            <line num="28" count="254" type="stmt"/>
            <line num="31" count="23" type="stmt"/>
            <line falsecount="18" truecount="5" num="31" type="cond"/>
            <line num="32" count="5" type="stmt"/>
            <line num="35" count="23" type="stmt"/>
            <line falsecount="23" truecount="1999" num="35" type="cond"/>
            <line num="36" count="1999" type="stmt"/>
            <line falsecount="449" truecount="1550" num="36" type="cond"/>
            <line num="37" count="1550" type="stmt"/>
            <line num="39" count="449" type="stmt"/>
            <line num="42" count="23" type="stmt"/>
            <line complexity="22" visibility="public" signature="floatRepresentation(String,int,int) : String" num="57" count="21" type="method"/>
            <line num="58" count="21" type="stmt"/>
            <line num="59" count="21" type="stmt"/>
            <line num="61" count="21" type="stmt"/>
            <line num="62" count="19" type="stmt"/>
            <line falsecount="2" truecount="15" num="62" type="cond"/>
            <line num="63" count="15" type="stmt"/>
            <line num="64" count="15" type="stmt"/>
            <line num="66" count="2" type="stmt"/>
            <line num="67" count="2" type="stmt"/>
            <line num="70" count="12" type="stmt"/>
            <line num="71" count="12" type="stmt"/>
            <line num="72" count="12" type="stmt"/>
            <line falsecount="4" truecount="8" num="72" type="cond"/>
            <line num="73" count="8" type="stmt"/>
            <line num="74" count="8" type="stmt"/>
            <line num="77" count="12" type="stmt"/>
            <line falsecount="8" truecount="4" num="77" type="cond"/>
            <line num="78" count="4" type="stmt"/>
            <line falsecount="4" truecount="1449" num="78" type="cond"/>
            <line num="79" count="1449" type="stmt"/>
            <line num="81" count="4" type="stmt"/>
            <line num="84" count="8" type="stmt"/>
            <line num="85" count="8" type="stmt"/>
            <line falsecount="0" truecount="8" num="85" type="cond"/>
            <line num="86" count="8" type="stmt"/>
            <line falsecount="8" truecount="33" num="86" type="cond"/>
            <line num="87" count="33" type="stmt"/>
            <line num="88" count="33" type="stmt"/>
            <line num="92" count="8" type="stmt"/>
            <line num="93" count="8" type="stmt"/>
            <line falsecount="6" truecount="2" num="93" type="cond"/>
            <line num="94" count="2" type="stmt"/>
            <line num="95" count="2" type="stmt"/>
            <line falsecount="1" truecount="1" num="95" type="cond"/>
            <line num="96" count="1" type="stmt"/>
            <line num="99" count="1" type="stmt"/>
            <line num="100" count="49" type="stmt"/>
            <line falsecount="47" truecount="2" num="100" type="cond"/>
            <line num="101" count="2" type="stmt"/>
            <line num="102" count="2" type="stmt"/>
            <line num="104" count="47" type="stmt"/>
            <line falsecount="1" truecount="48" num="106" type="cond"/>
            <line num="111" count="8" type="stmt"/>
            <line num="112" count="8" type="stmt"/>
            <line num="113" count="8" type="stmt"/>
            <line num="114" count="8" type="stmt"/>
            <line falsecount="8" truecount="0" num="114" type="cond"/>
            <line num="115" count="0" type="stmt"/>
            <line num="116" count="0" type="stmt"/>
            <line falsecount="0" truecount="0" num="116" type="cond"/>
            <line num="118" count="0" type="stmt"/>
            <line num="119" count="0" type="stmt"/>
            <line num="120" count="0" type="stmt"/>
            <line num="121" count="0" type="stmt"/>
            <line falsecount="0" truecount="0" num="121" type="cond"/>
            <line num="122" count="0" type="stmt"/>
            <line num="124" count="0" type="stmt"/>
            <line num="126" count="0" type="stmt"/>
            <line num="128" count="8" type="stmt"/>
            <line num="129" count="8" type="stmt"/>
            <line num="131" count="8" type="stmt"/>
            <line falsecount="6" truecount="2" num="131" type="cond"/>
            <line num="132" count="2" type="stmt"/>
            <line falsecount="2" truecount="0" num="132" type="cond"/>
            <line num="133" count="0" type="stmt"/>
            <line num="134" count="0" type="stmt"/>
            <line num="136" count="2" type="stmt"/>
            <line num="139" count="6" type="stmt"/>
            <line falsecount="6" truecount="0" num="139" type="cond"/>
            <line num="141" count="8" type="stmt"/>
            <line falsecount="5" truecount="3" num="141" type="cond"/>
            <line num="142" count="3" type="stmt"/>
            <line num="145" count="8" type="stmt"/>
            <line falsecount="7" truecount="1" num="145" type="cond"/>
            <line num="146" count="1" type="stmt"/>
            <line falsecount="1" truecount="0" num="146" type="cond"/>
            <line num="147" count="0" type="stmt"/>
            <line falsecount="0" truecount="0" num="147" type="cond"/>
            <line num="149" count="1" type="stmt"/>
            <line num="152" count="7" type="stmt"/>
            <line complexity="3" visibility="public" signature="ieee754(String,int) : String" num="165" count="23" type="method"/>
            <line num="166" count="23" type="stmt"/>
            <line falsecount="21" truecount="2" num="166" type="cond"/>
            <line num="167" count="2" type="stmt"/>
            <line num="168" count="21" type="stmt"/>
            <line falsecount="18" truecount="3" num="168" type="cond"/>
            <line num="169" count="3" type="stmt"/>
            <line num="171" count="18" type="stmt"/>
            <line complexity="3" visibility="public" signature="integerTrueValue(String) : String" num="182" count="12" type="method"/>
            <line num="183" count="12" type="stmt"/>
            <line num="184" count="12" type="stmt"/>
            <line falsecount="11" truecount="83" num="184" type="cond"/>
            <line num="185" count="83" type="stmt"/>
            <line falsecount="72" truecount="11" num="185" type="cond"/>
            <line num="186" count="11" type="stmt"/>
            <line num="188" count="72" type="stmt"/>
            <line num="191" count="11" type="stmt"/>
            <line complexity="14" visibility="public" signature="floatTrueValue(String,int,int) : String" num="206" count="16" type="method"/>
            <line num="208" count="16" type="stmt"/>
            <line num="209" count="16" type="stmt"/>
            <line falsecount="10" truecount="4" num="209" type="cond"/>
            <line num="210" count="4" type="stmt"/>
            <line num="212" count="14" type="stmt"/>
            <line num="213" count="13" type="stmt"/>
            <line num="217" count="13" type="stmt"/>
            <line falsecount="8" truecount="5" num="217" type="cond"/>
            <line num="218" count="5" type="stmt"/>
            <line falsecount="4" truecount="1" num="218" type="cond"/>
            <line num="219" count="1" type="stmt"/>
            <line falsecount="0" truecount="1" num="219" type="cond"/>
            <line num="220" count="1" type="stmt"/>
            <line num="222" count="0" type="stmt"/>
            <line num="225" count="4" type="stmt"/>
            <line num="228" count="8" type="stmt"/>
            <line num="230" count="8" type="stmt"/>
            <line falsecount="3" truecount="5" num="230" type="cond"/>
            <line num="232" count="5" type="stmt"/>
            <line falsecount="4" truecount="1" num="232" type="cond"/>
            <line num="233" count="1" type="stmt"/>
            <line num="236" count="4" type="stmt"/>
            <line num="237" count="2" type="stmt"/>
            <line num="238" count="2" type="stmt"/>
            <line num="239" count="2" type="stmt"/>
            <line num="240" count="2" type="stmt"/>
            <line falsecount="2" truecount="769" num="240" type="cond"/>
            <line num="241" count="769" type="stmt"/>
            <line num="243" count="2" type="stmt"/>
            <line num="244" count="2" type="stmt"/>
            <line falsecount="2" truecount="0" num="244" type="cond"/>
            <line num="249" count="3" type="stmt"/>
            <line num="251" count="3" type="stmt"/>
            <line num="252" count="3" type="stmt"/>
            <line num="253" count="3" type="stmt"/>
            <line falsecount="3" truecount="0" num="253" type="cond"/>
            <line num="254" count="0" type="stmt"/>
            <line num="257" count="3" type="stmt"/>
            <line num="258" count="3" type="stmt"/>
            <line falsecount="3" truecount="0" num="258" type="cond"/>
            <line num="259" count="0" type="stmt"/>
            <line num="261" count="3" type="stmt"/>
            <line falsecount="3" truecount="3" num="261" type="cond"/>
            <line num="262" count="3" type="stmt"/>
            <line num="264" count="3" type="stmt"/>
            <line falsecount="2" truecount="4" num="264" type="cond"/>
            <line num="265" count="4" type="stmt"/>
            <line num="267" count="2" type="stmt"/>
            <line falsecount="2" truecount="0" num="267" type="cond"/>
            <line complexity="2" visibility="public" signature="leftShift(String,int) : String" num="279" count="8" type="method"/>
            <line num="280" count="8" type="stmt"/>
            <line num="281" count="5" type="stmt"/>
            <line falsecount="5" truecount="3" num="281" type="cond"/>
            <line num="282" count="3" type="stmt"/>
            <line num="284" count="5" type="stmt"/>
            <line complexity="3" visibility="public" signature="negation(String) : String" num="294" count="35" type="method"/>
            <line num="295" count="35" type="stmt"/>
            <line num="296" count="35" type="stmt"/>
            <line falsecount="33" truecount="1580" num="296" type="cond"/>
            <line num="297" count="1580" type="stmt"/>
            <line falsecount="1126" truecount="454" num="297" type="cond"/>
            <line num="298" count="454" type="stmt"/>
            <line num="300" count="1126" type="stmt"/>
            <line num="303" count="33" type="stmt"/>
            <line complexity="3" visibility="public" signature="oneAdder(String) : String" num="314" count="16" type="method"/>
            <line num="315" count="16" type="stmt"/>
            <line num="316" count="16" type="stmt"/>
            <line num="317" count="16" type="stmt"/>
            <line num="318" count="16" type="stmt"/>
            <line falsecount="15" truecount="173" num="318" type="cond"/>
            <line num="319" count="173" type="stmt"/>
            <line num="320" count="173" type="stmt"/>
            <line num="321" count="173" type="stmt"/>
            <line num="324" count="15" type="stmt"/>
            <line falsecount="12" truecount="3" num="324" type="cond"/>
            <line num="325" count="3" type="stmt"/>
            <line num="327" count="12" type="stmt"/>
            <line num="329" count="15" type="stmt"/>
            <line complexity="12" visibility="public" signature="adder(String,String,char,int) : String" num="345" count="25" type="method"/>
            <line num="347" count="25" type="stmt"/>
            <line num="348" count="24" type="stmt"/>
            <line num="349" count="24" type="stmt"/>
            <line falsecount="24" truecount="7795" num="349" type="cond"/>
            <line num="350" count="7795" type="stmt"/>
            <line falsecount="5615" truecount="2180" num="350" type="cond"/>
            <line num="351" count="2180" type="stmt"/>
            <line num="353" count="5615" type="stmt"/>
            <line num="356" count="24" type="stmt"/>
            <line falsecount="22" truecount="8072" num="356" type="cond"/>
            <line num="357" count="8072" type="stmt"/>
            <line falsecount="6253" truecount="1817" num="357" type="cond"/>
            <line num="358" count="1817" type="stmt"/>
            <line num="360" count="6253" type="stmt"/>
            <line num="364" count="22" type="stmt"/>
            <line num="365" count="22" type="stmt"/>
            <line num="366" count="22" type="stmt"/>
            <line num="367" count="22" type="stmt"/>
            <line num="368" count="2356" type="stmt"/>
            <line num="370" count="2352" type="stmt"/>
            <line num="371" count="2352" type="stmt"/>
            <line num="372" count="2352" type="stmt"/>
            <line falsecount="18" truecount="2334" num="373" type="cond"/>
            <line num="374" count="18" type="stmt"/>
            <line falsecount="18" truecount="36" num="374" type="cond"/>
            <line num="375" count="36" type="stmt"/>
            <line falsecount="23" truecount="13" num="375" type="cond"/>
            <line num="376" count="13" type="stmt"/>
            <line num="378" count="23" type="stmt"/>
            <line num="382" count="18" type="stmt"/>
            <line num="383" count="18" type="stmt"/>
            <line falsecount="17" truecount="1" num="383" type="cond"/>
            <line num="385" count="1" type="stmt"/>
            <line num="387" count="18" type="stmt"/>
            <line falsecount="17" truecount="1" num="387" type="cond"/>
            <line num="388" count="1" type="stmt"/>
            <line num="390" count="17" type="stmt"/>
            <line num="392" count="18" type="stmt"/>
            <line complexity="1" visibility="public" signature="fullAdder(char,char,char) : String" num="406" count="9448" type="method"/>
            <line num="407" count="9448" type="stmt"/>
            <line num="408" count="9448" type="stmt"/>
            <line num="409" count="9448" type="stmt"/>
            <line complexity="3" visibility="public" signature="claAdder(String,String,char) : String" num="423" count="2360" type="method"/>
            <line num="424" count="2360" type="stmt"/>
            <line num="425" count="2360" type="stmt"/>
            <line num="427" count="2360" type="stmt"/>
            <line falsecount="2357" truecount="9431" num="427" type="cond"/>
            <line num="428" count="9431" type="stmt"/>
            <line num="429" count="9428" type="stmt"/>
            <line num="432" count="2357" type="stmt"/>
            <line num="433" count="2357" type="stmt"/>
            <line num="434" count="2357" type="stmt"/>
            <line num="435" count="2357" type="stmt"/>
            <line num="436" count="2357" type="stmt"/>
            <line num="438" count="2357" type="stmt"/>
            <line num="443" count="2357" type="stmt"/>
            <line num="444" count="2357" type="stmt"/>
            <line falsecount="2357" truecount="9428" num="444" type="cond"/>
            <line num="445" count="9428" type="stmt"/>
            <line num="447" count="2357" type="stmt"/>
            <line complexity="1" visibility="public" signature="integerSubtraction(String,String,int) : String" num="461" count="12" type="method"/>
            <line num="463" count="12" type="stmt"/>
            <line complexity="3" visibility="public" signature="andGate(char,char) : char" num="467" count="85093" type="method"/>
            <line num="468" count="85093" type="stmt"/>
            <line falsecount="57607" truecount="27486" num="468" type="cond"/>
            <line num="469" count="27486" type="stmt"/>
            <line num="471" count="57607" type="stmt"/>
            <line complexity="2" visibility="public" signature="xorGate(char,char) : char" num="476" count="19075" type="method"/>
            <line num="477" count="19075" type="stmt"/>
            <line falsecount="4393" truecount="14682" num="477" type="cond"/>
            <line num="478" count="14682" type="stmt"/>
            <line num="480" count="4393" type="stmt"/>
            <line complexity="2" visibility="private" signature="allZeroWithLength(int) : String" num="485" count="24" type="method"/>
            <line num="486" count="24" type="stmt"/>
            <line num="487" count="24" type="stmt"/>
            <line falsecount="24" truecount="2172" num="487" type="cond"/>
            <line num="488" count="2172" type="stmt"/>
            <line num="490" count="24" type="stmt"/>
            <line complexity="2" visibility="private" signature="allOneWithLength(int) : String" num="494" count="21" type="method"/>
            <line num="495" count="21" type="stmt"/>
            <line num="496" count="21" type="stmt"/>
            <line falsecount="21" truecount="1869" num="496" type="cond"/>
            <line num="497" count="1869" type="stmt"/>
            <line num="499" count="21" type="stmt"/>
            <line complexity="3" visibility="private" signature="orGate(char,char) : char" num="503" count="51894" type="method"/>
            <line num="504" count="51894" type="stmt"/>
            <line falsecount="34569" truecount="17325" num="504" type="cond"/>
            <line num="505" count="17325" type="stmt"/>
            <line num="507" count="34569" type="stmt"/>
            <line complexity="3" visibility="public" signature="normalize(String) : int" num="512" count="11" type="method"/>
            <line num="513" count="11" type="stmt"/>
            <line num="514" count="11" type="stmt"/>
            <line num="515" count="11" type="stmt"/>
            <line falsecount="5" truecount="7" num="515" type="cond"/>
            <line num="516" count="7" type="stmt"/>
            <line falsecount="5" truecount="2" num="516" type="cond"/>
            <line num="517" count="2" type="stmt"/>
            <line num="518" count="2" type="stmt"/>
            <line num="520" count="5" type="stmt"/>
            <line num="521" count="5" type="stmt"/>
            <line num="524" count="10" type="stmt"/>
         </file>
      </package>
   </project>
   <testproject name="ALU 0.0.1-SNAPSHOT" timestamp="1654593461073">
      <metrics coveredelements="417" complexity="88" loc="863" methods="50" classes="1" statements="405" packages="1" coveredconditionals="0" coveredmethods="50" elements="455" ncloc="638" files="1" conditionals="0" coveredstatements="367"/>
      <package name="net.mooctest">
         <metrics coveredelements="417" complexity="88" loc="863" methods="50" classes="1" statements="405" coveredconditionals="0" coveredmethods="50" elements="455" ncloc="638" files="1" conditionals="0" coveredstatements="367"/>
         <file path="C:\mooctest\projects\6580\118570\ALU\src\test\java\net\mooctest\ALUTest.java" name="ALUTest.java">
            <metrics coveredelements="417" coveredconditionals="0" complexity="88" loc="863" coveredmethods="50" methods="50" elements="455" classes="1" ncloc="638" statements="405" conditionals="0" coveredstatements="367"/>
            <class name="ALUTest">
               <metrics coveredelements="417" complexity="88" methods="50" testruns="50" statements="405" coveredconditionals="0" coveredmethods="50" elements="455" testfailures="0" testduration="0.04800000000000001" conditionals="0" coveredstatements="367" testpasses="50"/>
            </class>
            <line complexity="1" visibility="public" signature="test() : void" num="12" testsuccess="true" count="1" testduration="0.0" type="method"/>
            <line num="14" count="1" type="stmt"/>
            <line complexity="2" visibility="public" signature="test00() : void" num="17" testsuccess="true" count="1" testduration="0.019" type="method"/>
            <line num="19" count="1" type="stmt"/>
            <line num="20" count="1" type="stmt"/>
            <line num="21" count="1" type="stmt"/>
            <line num="22" count="1" type="stmt"/>
            <line num="23" count="1" type="stmt"/>
            <line num="24" count="1" type="stmt"/>
            <line num="25" count="1" type="stmt"/>
            <line num="26" count="1" type="stmt"/>
            <line num="28" count="1" type="stmt"/>
            <line num="29" count="1" type="stmt"/>
            <line num="30" count="0" type="stmt"/>
            <line num="36" count="1" type="stmt"/>
            <line complexity="1" visibility="public" signature="test01() : void" num="40" testsuccess="true" count="1" testduration="0.001" type="method"/>
            <line num="42" count="1" type="stmt"/>
            <line num="43" count="1" type="stmt"/>
            <line num="44" count="1" type="stmt"/>
            <line num="45" count="1" type="stmt"/>
            <line num="46" count="1" type="stmt"/>
            <line num="47" count="1" type="stmt"/>
            <line num="48" count="1" type="stmt"/>
            <line num="49" count="1" type="stmt"/>
            <line complexity="1" visibility="public" signature="test02() : void" num="52" testsuccess="true" count="1" testduration="0.007" type="method"/>
            <line num="54" count="1" type="stmt"/>
            <line num="56" count="1" type="stmt"/>
            <line complexity="2" visibility="public" signature="test03() : void" num="59" testsuccess="true" count="1" testduration="0.0" type="method"/>
            <line num="61" count="1" type="stmt"/>
            <line num="62" count="1" type="stmt"/>
            <line num="63" count="1" type="stmt"/>
            <line num="64" count="1" type="stmt"/>
            <line num="65" count="1" type="stmt"/>
            <line num="66" count="1" type="stmt"/>
            <line num="67" count="1" type="stmt"/>
            <line num="68" count="1" type="stmt"/>
            <line num="69" count="1" type="stmt"/>
            <line num="70" count="1" type="stmt"/>
            <line num="71" count="1" type="stmt"/>
            <line num="73" count="1" type="stmt"/>
            <line num="74" count="1" type="stmt"/>
            <line num="75" count="0" type="stmt"/>
            <line complexity="1" visibility="public" signature="test04() : void" num="81" testsuccess="true" count="1" testduration="0.005" type="method"/>
            <line num="83" count="1" type="stmt"/>
            <line num="84" count="1" type="stmt"/>
            <line num="85" count="1" type="stmt"/>
            <line num="86" count="1" type="stmt"/>
            <line num="87" count="1" type="stmt"/>
            <line complexity="2" visibility="public" signature="test05() : void" num="90" testsuccess="true" count="1" testduration="0.0" type="method"/>
            <line num="92" count="1" type="stmt"/>
            <line num="93" count="1" type="stmt"/>
            <line num="94" count="1" type="stmt"/>
            <line num="95" count="1" type="stmt"/>
            <line num="96" count="1" type="stmt"/>
            <line num="97" count="1" type="stmt"/>
            <line num="98" count="1" type="stmt"/>
            <line num="99" count="1" type="stmt"/>
            <line num="100" count="1" type="stmt"/>
            <line num="101" count="1" type="stmt"/>
            <line num="103" count="1" type="stmt"/>
            <line num="104" count="1" type="stmt"/>
            <line num="105" count="0" type="stmt"/>
            <line complexity="2" visibility="public" signature="test06() : void" num="111" testsuccess="true" count="1" testduration="0.001" type="method"/>
            <line num="113" count="1" type="stmt"/>
            <line num="114" count="1" type="stmt"/>
            <line num="116" count="1" type="stmt"/>
            <line num="117" count="1" type="stmt"/>
            <line num="118" count="0" type="stmt"/>
            <line num="124" count="1" type="stmt"/>
            <line complexity="2" visibility="public" signature="test07() : void" num="128" testsuccess="true" count="1" testduration="0.0" type="method"/>
            <line num="130" count="1" type="stmt"/>
            <line num="131" count="1" type="stmt"/>
            <line num="132" count="1" type="stmt"/>
            <line num="133" count="1" type="stmt"/>
            <line num="134" count="1" type="stmt"/>
            <line num="135" count="1" type="stmt"/>
            <line num="136" count="1" type="stmt"/>
            <line num="137" count="1" type="stmt"/>
            <line num="138" count="1" type="stmt"/>
            <line num="139" count="1" type="stmt"/>
            <line num="140" count="1" type="stmt"/>
            <line num="142" count="1" type="stmt"/>
            <line num="143" count="1" type="stmt"/>
            <line num="144" count="0" type="stmt"/>
            <line num="150" count="1" type="stmt"/>
            <line complexity="2" visibility="public" signature="test08() : void" num="154" testsuccess="true" count="1" testduration="0.0" type="method"/>
            <line num="156" count="1" type="stmt"/>
            <line num="157" count="1" type="stmt"/>
            <line num="158" count="1" type="stmt"/>
            <line num="159" count="1" type="stmt"/>
            <line num="160" count="1" type="stmt"/>
            <line num="161" count="1" type="stmt"/>
            <line num="162" count="1" type="stmt"/>
            <line num="163" count="1" type="stmt"/>
            <line num="164" count="1" type="stmt"/>
            <line num="166" count="1" type="stmt"/>
            <line num="167" count="1" type="stmt"/>
            <line num="168" count="0" type="stmt"/>
            <line complexity="2" visibility="public" signature="test09() : void" num="174" testsuccess="true" count="1" testduration="0.001" type="method"/>
            <line num="176" count="1" type="stmt"/>
            <line num="177" count="1" type="stmt"/>
            <line num="178" count="1" type="stmt"/>
            <line num="179" count="1" type="stmt"/>
            <line num="180" count="1" type="stmt"/>
            <line num="181" count="1" type="stmt"/>
            <line num="182" count="1" type="stmt"/>
            <line num="183" count="1" type="stmt"/>
            <line num="184" count="1" type="stmt"/>
            <line num="186" count="1" type="stmt"/>
            <line num="187" count="1" type="stmt"/>
            <line num="188" count="0" type="stmt"/>
            <line complexity="1" visibility="public" signature="test10() : void" num="194" testsuccess="true" count="1" testduration="0.0" type="method"/>
            <line num="196" count="1" type="stmt"/>
            <line num="197" count="1" type="stmt"/>
            <line num="198" count="1" type="stmt"/>
            <line complexity="2" visibility="public" signature="test11() : void" num="202" testsuccess="true" count="1" testduration="0.001" type="method"/>
            <line num="204" count="1" type="stmt"/>
            <line num="205" count="1" type="stmt"/>
            <line num="207" count="1" type="stmt"/>
            <line num="208" count="1" type="stmt"/>
            <line num="209" count="0" type="stmt"/>
            <line num="215" count="1" type="stmt"/>
            <line complexity="2" visibility="public" signature="test12() : void" num="219" testsuccess="true" count="1" testduration="0.001" type="method"/>
            <line num="221" count="1" type="stmt"/>
            <line num="222" count="1" type="stmt"/>
            <line num="223" count="1" type="stmt"/>
            <line num="224" count="1" type="stmt"/>
            <line num="226" count="1" type="stmt"/>
            <line num="227" count="1" type="stmt"/>
            <line num="228" count="0" type="stmt"/>
            <line complexity="2" visibility="public" signature="test13() : void" num="234" testsuccess="true" count="1" testduration="0.0" type="method"/>
            <line num="236" count="1" type="stmt"/>
            <line num="237" count="1" type="stmt"/>
            <line num="238" count="1" type="stmt"/>
            <line num="239" count="1" type="stmt"/>
            <line num="240" count="1" type="stmt"/>
            <line num="241" count="1" type="stmt"/>
            <line num="243" count="1" type="stmt"/>
            <line num="244" count="1" type="stmt"/>
            <line num="245" count="0" type="stmt"/>
            <line complexity="2" visibility="public" signature="test14() : void" num="251" testsuccess="true" count="1" testduration="0.001" type="method"/>
            <line num="253" count="1" type="stmt"/>
            <line num="254" count="1" type="stmt"/>
            <line num="255" count="1" type="stmt"/>
            <line num="256" count="1" type="stmt"/>
            <line num="257" count="1" type="stmt"/>
            <line num="258" count="1" type="stmt"/>
            <line num="260" count="1" type="stmt"/>
            <line num="261" count="1" type="stmt"/>
            <line num="262" count="0" type="stmt"/>
            <line num="268" count="1" type="stmt"/>
            <line complexity="2" visibility="public" signature="test15() : void" num="272" testsuccess="true" count="1" testduration="0.0" type="method"/>
            <line num="274" count="1" type="stmt"/>
            <line num="276" count="1" type="stmt"/>
            <line num="277" count="1" type="stmt"/>
            <line num="278" count="0" type="stmt"/>
            <line num="284" count="1" type="stmt"/>
            <line complexity="2" visibility="public" signature="test16() : void" num="288" testsuccess="true" count="1" testduration="0.0" type="method"/>
            <line num="290" count="1" type="stmt"/>
            <line num="291" count="1" type="stmt"/>
            <line num="292" count="1" type="stmt"/>
            <line num="293" count="1" type="stmt"/>
            <line num="294" count="1" type="stmt"/>
            <line num="295" count="1" type="stmt"/>
            <line num="296" count="1" type="stmt"/>
            <line num="297" count="1" type="stmt"/>
            <line num="298" count="1" type="stmt"/>
            <line num="299" count="1" type="stmt"/>
            <line num="301" count="1" type="stmt"/>
            <line num="302" count="1" type="stmt"/>
            <line num="303" count="0" type="stmt"/>
            <line num="309" count="1" type="stmt"/>
            <line complexity="1" visibility="public" signature="test17() : void" num="313" testsuccess="true" count="1" testduration="0.0" type="method"/>
            <line num="315" count="1" type="stmt"/>
            <line num="316" count="1" type="stmt"/>
            <line num="317" count="1" type="stmt"/>
            <line num="318" count="1" type="stmt"/>
            <line num="319" count="1" type="stmt"/>
            <line num="320" count="1" type="stmt"/>
            <line num="321" count="1" type="stmt"/>
            <line complexity="2" visibility="public" signature="test18() : void" num="324" testsuccess="true" count="1" testduration="0.001" type="method"/>
            <line num="326" count="1" type="stmt"/>
            <line num="327" count="1" type="stmt"/>
            <line num="329" count="1" type="stmt"/>
            <line num="330" count="1" type="stmt"/>
            <line num="331" count="0" type="stmt"/>
            <line complexity="2" visibility="public" signature="test19() : void" num="337" testsuccess="true" count="1" testduration="0.0" type="method"/>
            <line num="339" count="1" type="stmt"/>
            <line num="340" count="1" type="stmt"/>
            <line num="342" count="1" type="stmt"/>
            <line num="343" count="1" type="stmt"/>
            <line num="344" count="0" type="stmt"/>
            <line num="350" count="1" type="stmt"/>
            <line complexity="2" visibility="public" signature="test21() : void" num="364" testsuccess="true" count="1" testduration="0.0" type="method"/>
            <line num="366" count="1" type="stmt"/>
            <line num="368" count="1" type="stmt"/>
            <line num="369" count="1" type="stmt"/>
            <line num="370" count="0" type="stmt"/>
            <line complexity="2" visibility="public" signature="test22() : void" num="376" testsuccess="true" count="1" testduration="0.0" type="method"/>
            <line num="378" count="1" type="stmt"/>
            <line num="379" count="1" type="stmt"/>
            <line num="380" count="1" type="stmt"/>
            <line num="381" count="1" type="stmt"/>
            <line num="382" count="1" type="stmt"/>
            <line num="383" count="1" type="stmt"/>
            <line num="385" count="1" type="stmt"/>
            <line num="386" count="1" type="stmt"/>
            <line num="387" count="0" type="stmt"/>
            <line num="393" count="1" type="stmt"/>
            <line complexity="2" visibility="public" signature="test23() : void" num="397" testsuccess="true" count="1" testduration="0.001" type="method"/>
            <line num="399" count="1" type="stmt"/>
            <line num="400" count="1" type="stmt"/>
            <line num="401" count="1" type="stmt"/>
            <line num="402" count="1" type="stmt"/>
            <line num="403" count="1" type="stmt"/>
            <line num="404" count="1" type="stmt"/>
            <line num="405" count="1" type="stmt"/>
            <line num="406" count="1" type="stmt"/>
            <line num="408" count="1" type="stmt"/>
            <line num="409" count="1" type="stmt"/>
            <line num="410" count="0" type="stmt"/>
            <line complexity="2" visibility="public" signature="test24() : void" num="416" testsuccess="true" count="1" testduration="0.0" type="method"/>
            <line num="418" count="1" type="stmt"/>
            <line num="420" count="1" type="stmt"/>
            <line num="421" count="1" type="stmt"/>
            <line num="422" count="0" type="stmt"/>
            <line num="428" count="1" type="stmt"/>
            <line complexity="2" visibility="public" signature="test25() : void" num="432" testsuccess="true" count="1" testduration="0.0" type="method"/>
            <line num="434" count="1" type="stmt"/>
            <line num="435" count="1" type="stmt"/>
            <line num="437" count="1" type="stmt"/>
            <line num="438" count="1" type="stmt"/>
            <line num="439" count="0" type="stmt"/>
            <line num="445" count="1" type="stmt"/>
            <line complexity="2" visibility="public" signature="test26() : void" num="449" testsuccess="true" count="1" testduration="0.0" type="method"/>
            <line num="451" count="1" type="stmt"/>
            <line num="452" count="1" type="stmt"/>
            <line num="453" count="1" type="stmt"/>
            <line num="454" count="1" type="stmt"/>
            <line num="455" count="1" type="stmt"/>
            <line num="457" count="1" type="stmt"/>
            <line num="458" count="1" type="stmt"/>
            <line num="459" count="0" type="stmt"/>
            <line num="465" count="1" type="stmt"/>
            <line complexity="2" visibility="public" signature="test27() : void" num="469" testsuccess="true" count="1" testduration="0.0" type="method"/>
            <line num="471" count="1" type="stmt"/>
            <line num="472" count="1" type="stmt"/>
            <line num="473" count="1" type="stmt"/>
            <line num="474" count="1" type="stmt"/>
            <line num="475" count="1" type="stmt"/>
            <line num="477" count="1" type="stmt"/>
            <line num="478" count="1" type="stmt"/>
            <line num="479" count="0" type="stmt"/>
            <line complexity="2" visibility="public" signature="test28() : void" num="485" testsuccess="true" count="1" testduration="0.0" type="method"/>
            <line num="487" count="1" type="stmt"/>
            <line num="488" count="1" type="stmt"/>
            <line num="489" count="1" type="stmt"/>
            <line num="491" count="1" type="stmt"/>
            <line num="492" count="1" type="stmt"/>
            <line num="493" count="0" type="stmt"/>
            <line num="499" count="1" type="stmt"/>
            <line complexity="2" visibility="public" signature="test29() : void" num="503" testsuccess="true" count="1" testduration="0.0" type="method"/>
            <line num="505" count="1" type="stmt"/>
            <line num="506" count="1" type="stmt"/>
            <line num="507" count="1" type="stmt"/>
            <line num="508" count="1" type="stmt"/>
            <line num="509" count="1" type="stmt"/>
            <line num="510" count="1" type="stmt"/>
            <line num="511" count="1" type="stmt"/>
            <line num="512" count="1" type="stmt"/>
            <line num="514" count="1" type="stmt"/>
            <line num="515" count="1" type="stmt"/>
            <line num="516" count="0" type="stmt"/>
            <line num="522" count="1" type="stmt"/>
            <line complexity="1" visibility="public" signature="test30() : void" num="526" testsuccess="true" count="1" testduration="0.0" type="method"/>
            <line num="528" count="1" type="stmt"/>
            <line num="529" count="1" type="stmt"/>
            <line num="530" count="1" type="stmt"/>
            <line complexity="1" visibility="public" signature="test31() : void" num="533" testsuccess="true" count="1" testduration="0.0" type="method"/>
            <line num="535" count="1" type="stmt"/>
            <line num="536" count="1" type="stmt"/>
            <line num="537" count="1" type="stmt"/>
            <line num="538" count="1" type="stmt"/>
            <line num="539" count="1" type="stmt"/>
            <line num="540" count="1" type="stmt"/>
            <line complexity="2" visibility="public" signature="test32() : void" num="543" testsuccess="true" count="1" testduration="0.0" type="method"/>
            <line num="545" count="1" type="stmt"/>
            <line num="546" count="1" type="stmt"/>
            <line num="548" count="1" type="stmt"/>
            <line num="549" count="1" type="stmt"/>
            <line num="550" count="0" type="stmt"/>
            <line num="556" count="1" type="stmt"/>
            <line complexity="2" visibility="public" signature="test33() : void" num="560" testsuccess="true" count="1" testduration="0.001" type="method"/>
            <line num="562" count="1" type="stmt"/>
            <line num="563" count="1" type="stmt"/>
            <line num="564" count="1" type="stmt"/>
            <line num="565" count="1" type="stmt"/>
            <line num="566" count="1" type="stmt"/>
            <line num="568" count="1" type="stmt"/>
            <line num="569" count="1" type="stmt"/>
            <line num="570" count="0" type="stmt"/>
            <line num="576" count="1" type="stmt"/>
            <line complexity="1" visibility="public" signature="test34() : void" num="580" testsuccess="true" count="1" testduration="0.005" type="method"/>
            <line num="582" count="1" type="stmt"/>
            <line num="583" count="1" type="stmt"/>
            <line num="584" count="1" type="stmt"/>
            <line num="585" count="1" type="stmt"/>
            <line num="586" count="1" type="stmt"/>
            <line num="587" count="1" type="stmt"/>
            <line num="588" count="1" type="stmt"/>
            <line num="590" count="1" type="stmt"/>
            <line complexity="1" visibility="public" signature="test35() : void" num="593" testsuccess="true" count="1" testduration="0.0" type="method"/>
            <line num="595" count="1" type="stmt"/>
            <line num="596" count="1" type="stmt"/>
            <line complexity="1" visibility="public" signature="test36() : void" num="600" testsuccess="true" count="1" testduration="0.0" type="method"/>
            <line num="602" count="1" type="stmt"/>
            <line num="603" count="1" type="stmt"/>
            <line num="604" count="1" type="stmt"/>
            <line complexity="2" visibility="public" signature="test37() : void" num="607" testsuccess="true" count="1" testduration="0.0" type="method"/>
            <line num="609" count="1" type="stmt"/>
            <line num="610" count="1" type="stmt"/>
            <line num="612" count="1" type="stmt"/>
            <line num="613" count="1" type="stmt"/>
            <line num="614" count="0" type="stmt"/>
            <line num="620" count="1" type="stmt"/>
            <line complexity="2" visibility="public" signature="test38() : void" num="624" testsuccess="true" count="1" testduration="0.0" type="method"/>
            <line num="626" count="1" type="stmt"/>
            <line num="627" count="1" type="stmt"/>
            <line num="628" count="1" type="stmt"/>
            <line num="629" count="1" type="stmt"/>
            <line num="630" count="1" type="stmt"/>
            <line num="631" count="1" type="stmt"/>
            <line num="632" count="1" type="stmt"/>
            <line num="633" count="1" type="stmt"/>
            <line num="634" count="1" type="stmt"/>
            <line num="635" count="1" type="stmt"/>
            <line num="637" count="1" type="stmt"/>
            <line num="638" count="1" type="stmt"/>
            <line num="639" count="0" type="stmt"/>
            <line num="645" count="1" type="stmt"/>
            <line complexity="1" visibility="public" signature="test39() : void" num="649" testsuccess="true" count="1" testduration="0.0" type="method"/>
            <line num="651" count="1" type="stmt"/>
            <line num="652" count="1" type="stmt"/>
            <line num="653" count="1" type="stmt"/>
            <line num="654" count="1" type="stmt"/>
            <line num="655" count="1" type="stmt"/>
            <line complexity="2" visibility="public" signature="test40() : void" num="658" testsuccess="true" count="1" testduration="0.0" type="method"/>
            <line num="660" count="1" type="stmt"/>
            <line num="661" count="1" type="stmt"/>
            <line num="662" count="1" type="stmt"/>
            <line num="663" count="1" type="stmt"/>
            <line num="664" count="1" type="stmt"/>
            <line num="665" count="1" type="stmt"/>
            <line num="666" count="1" type="stmt"/>
            <line num="668" count="1" type="stmt"/>
            <line num="669" count="1" type="stmt"/>
            <line num="670" count="0" type="stmt"/>
            <line complexity="2" visibility="public" signature="test41() : void" num="676" testsuccess="true" count="1" testduration="0.0" type="method"/>
            <line num="678" count="1" type="stmt"/>
            <line num="680" count="1" type="stmt"/>
            <line num="681" count="1" type="stmt"/>
            <line num="682" count="0" type="stmt"/>
            <line num="688" count="1" type="stmt"/>
            <line complexity="2" visibility="public" signature="test42() : void" num="692" testsuccess="true" count="1" testduration="0.0" type="method"/>
            <line num="694" count="1" type="stmt"/>
            <line num="695" count="1" type="stmt"/>
            <line num="697" count="1" type="stmt"/>
            <line num="698" count="1" type="stmt"/>
            <line num="699" count="0" type="stmt"/>
            <line num="705" count="1" type="stmt"/>
            <line complexity="2" visibility="public" signature="test43() : void" num="709" testsuccess="true" count="1" testduration="0.001" type="method"/>
            <line num="711" count="1" type="stmt"/>
            <line num="712" count="1" type="stmt"/>
            <line num="713" count="1" type="stmt"/>
            <line num="714" count="1" type="stmt"/>
            <line num="715" count="1" type="stmt"/>
            <line num="716" count="1" type="stmt"/>
            <line num="717" count="1" type="stmt"/>
            <line num="718" count="1" type="stmt"/>
            <line num="719" count="1" type="stmt"/>
            <line num="720" count="1" type="stmt"/>
            <line num="722" count="1" type="stmt"/>
            <line num="723" count="1" type="stmt"/>
            <line num="724" count="0" type="stmt"/>
            <line num="730" count="1" type="stmt"/>
            <line complexity="2" visibility="public" signature="test44() : void" num="734" testsuccess="true" count="1" testduration="0.001" type="method"/>
            <line num="736" count="1" type="stmt"/>
            <line num="737" count="1" type="stmt"/>
            <line num="738" count="1" type="stmt"/>
            <line num="739" count="1" type="stmt"/>
            <line num="740" count="1" type="stmt"/>
            <line num="741" count="1" type="stmt"/>
            <line num="742" count="1" type="stmt"/>
            <line num="743" count="1" type="stmt"/>
            <line num="744" count="1" type="stmt"/>
            <line num="745" count="1" type="stmt"/>
            <line num="746" count="1" type="stmt"/>
            <line num="748" count="1" type="stmt"/>
            <line num="749" count="1" type="stmt"/>
            <line num="750" count="0" type="stmt"/>
            <line num="756" count="1" type="stmt"/>
            <line complexity="2" visibility="public" signature="test45() : void" num="760" testsuccess="true" count="1" testduration="0.0" type="method"/>
            <line num="762" count="1" type="stmt"/>
            <line num="764" count="1" type="stmt"/>
            <line num="765" count="1" type="stmt"/>
            <line num="766" count="0" type="stmt"/>
            <line num="772" count="1" type="stmt"/>
            <line complexity="2" visibility="public" signature="test46() : void" num="776" testsuccess="true" count="1" testduration="0.0" type="method"/>
            <line num="778" count="1" type="stmt"/>
            <line num="779" count="1" type="stmt"/>
            <line num="780" count="1" type="stmt"/>
            <line num="782" count="1" type="stmt"/>
            <line num="783" count="1" type="stmt"/>
            <line num="784" count="0" type="stmt"/>
            <line num="790" count="1" type="stmt"/>
            <line complexity="2" visibility="public" signature="test47() : void" num="794" testsuccess="true" count="1" testduration="0.0" type="method"/>
            <line num="796" count="1" type="stmt"/>
            <line num="797" count="1" type="stmt"/>
            <line num="798" count="1" type="stmt"/>
            <line num="799" count="1" type="stmt"/>
            <line num="800" count="1" type="stmt"/>
            <line num="801" count="1" type="stmt"/>
            <line num="802" count="1" type="stmt"/>
            <line num="803" count="1" type="stmt"/>
            <line num="804" count="1" type="stmt"/>
            <line num="805" count="1" type="stmt"/>
            <line num="807" count="1" type="stmt"/>
            <line num="808" count="1" type="stmt"/>
            <line num="809" count="0" type="stmt"/>
            <line num="815" count="1" type="stmt"/>
            <line complexity="2" visibility="public" signature="test48() : void" num="819" testsuccess="true" count="1" testduration="0.001" type="method"/>
            <line num="821" count="1" type="stmt"/>
            <line num="822" count="1" type="stmt"/>
            <line num="823" count="1" type="stmt"/>
            <line num="824" count="1" type="stmt"/>
            <line num="825" count="1" type="stmt"/>
            <line num="826" count="1" type="stmt"/>
            <line num="827" count="1" type="stmt"/>
            <line num="828" count="1" type="stmt"/>
            <line num="830" count="1" type="stmt"/>
            <line num="831" count="1" type="stmt"/>
            <line num="832" count="0" type="stmt"/>
            <line num="838" count="1" type="stmt"/>
            <line complexity="2" visibility="public" signature="test49() : void" num="842" testsuccess="true" count="1" testduration="0.0" type="method"/>
            <line num="844" count="1" type="stmt"/>
            <line num="845" count="1" type="stmt"/>
            <line num="846" count="1" type="stmt"/>
            <line num="847" count="1" type="stmt"/>
            <line num="848" count="1" type="stmt"/>
            <line num="849" count="1" type="stmt"/>
            <line num="850" count="1" type="stmt"/>
            <line num="852" count="1" type="stmt"/>
            <line num="853" count="1" type="stmt"/>
            <line num="854" count="0" type="stmt"/>
            <line num="860" count="1" type="stmt"/>
         </file>
      </package>
   </testproject>
</coverage>