<?xml version="1.0" encoding="UTF-8" ?>
<testsuite tests="23" failures="0" name="net.mooctest.HelperTest" time="0.044" errors="0" skipped="0">
  <properties>
[...]
</properties>
  <testcase classname="net.mooctest.HelperTest" name="test00" time="0.007"/>
  <testcase classname="net.mooctest.HelperTest" name="test01" time="0.001"/>
  <testcase classname="net.mooctest.HelperTest" name="test02" time="0.002"/>
  <testcase classname="net.mooctest.HelperTest" name="test03" time="0.001"/>
  <testcase classname="net.mooctest.HelperTest" name="test04" time="0.002"/>
  <testcase classname="net.mooctest.HelperTest" name="test05" time="0.001"/>
  <testcase classname="net.mooctest.HelperTest" name="test06" time="0.002"/>
  <testcase classname="net.mooctest.HelperTest" name="test07" time="0.001"/>
  <testcase classname="net.mooctest.HelperTest" name="test08" time="0.002"/>
  <testcase classname="net.mooctest.HelperTest" name="test09" time="0.001"/>
  <testcase classname="net.mooctest.HelperTest" name="test10" time="0.002"/>
  <testcase classname="net.mooctest.HelperTest" name="test11" time="0.001"/>
  <testcase classname="net.mooctest.HelperTest" name="test12" time="0.001"/>
  <testcase classname="net.mooctest.HelperTest" name="test13" time="0.002"/>
  <testcase classname="net.mooctest.HelperTest" name="test14" time="0.002"/>
  <testcase classname="net.mooctest.HelperTest" name="test15" time="0.006"/>
  <testcase classname="net.mooctest.HelperTest" name="test16" time="0.002"/>
  <testcase classname="net.mooctest.HelperTest" name="test17" time="0.001"/>
  <testcase classname="net.mooctest.HelperTest" name="test18" time="0.002"/>
  <testcase classname="net.mooctest.HelperTest" name="test19" time="0.001"/>
  <testcase classname="net.mooctest.HelperTest" name="test20" time="0.002"/>
  <testcase classname="net.mooctest.HelperTest" name="test21" time="0.001"/>
  <testcase classname="net.mooctest.HelperTest" name="test" time="0.001"/>
</testsuite>